No auxiliary_datasets specified. Using ['PACS', 'VLCS'] as auxiliary datasets.
Using device: cuda
Configuration:
{
  "datasets": {
    "PACS": {
      "path": "/leonardo_scratch/fast/IscrC_FoundCL/cl/lora-CL/ratatouille/ood/datasets/PACS",
      "num_classes": 7
    },
    "VLCS": {
      "path": "/leonardo_scratch/fast/IscrC_FoundCL/cl/lora-CL/ratatouille/ood/datasets/VLCS",
      "num_classes": 5
    },
    "OfficeHome": {
      "path": "/leonardo_scratch/fast/IscrC_FoundCL/cl/lora-CL/ratatouille/ood/datasets/office_home",
      "num_classes": 65
    }
  },
  "base_model": "vit_base_patch16_224",
  "max_samples_per_class": 20,
  "batch_size": 32,
  "num_epochs": 10,
  "learning_rate": "1e-4",
  "lora_r": 8,
  "lora_alpha": 32,
  "lora_dropout": 0.05,
  "output_dir": "/leonardo_scratch/fast/IscrC_FoundCL/cl/lora-CL/ratatouille/ood/exp_outs",
  "test_dataset": "OfficeHome",
  "auxiliary_datasets": [
    "PACS",
    "VLCS"
  ]
}
Loading dataset: PACS
Dataset config: {'path': '/leonardo_scratch/fast/IscrC_FoundCL/cl/lora-CL/ratatouille/ood/datasets/PACS', 'num_classes': 7}
Loading dataset: VLCS
Dataset config: {'path': '/leonardo_scratch/fast/IscrC_FoundCL/cl/lora-CL/ratatouille/ood/datasets/VLCS', 'num_classes': 5}
Loading dataset: OfficeHome
Dataset config: {'path': '/leonardo_scratch/fast/IscrC_FoundCL/cl/lora-CL/ratatouille/ood/datasets/office_home', 'num_classes': 65}
Baseline 1: Training and testing on test domain only
Epoch 1/10, Loss: 2.6771, Accuracy: 36.03%
Epoch 2/10, Loss: 0.6581, Accuracy: 82.03%
Epoch 3/10, Loss: 0.2190, Accuracy: 93.25%
Epoch 4/10, Loss: 0.1787, Accuracy: 94.89%
Epoch 5/10, Loss: 0.1466, Accuracy: 95.80%
Epoch 6/10, Loss: 0.1423, Accuracy: 95.88%
Epoch 7/10, Loss: 0.1474, Accuracy: 95.76%
Epoch 8/10, Loss: 0.1196, Accuracy: 96.56%
Epoch 9/10, Loss: 0.1082, Accuracy: 96.89%
Epoch 10/10, Loss: 0.0900, Accuracy: 97.54%
An error occurred: name 'targets' is not defined
Traceback:
