No auxiliary_datasets specified. Using ['PACS', 'VLCS'] as auxiliary datasets.
Using device: cuda
Configuration:
{
  "datasets": {
    "PACS": {
      "path": "/leonardo_scratch/fast/IscrC_FoundCL/cl/lora-CL/ratatouille/ood/datasets/PACS",
      "num_classes": 7
    },
    "VLCS": {
      "path": "/leonardo_scratch/fast/IscrC_FoundCL/cl/lora-CL/ratatouille/ood/datasets/VLCS",
      "num_classes": 5
    },
    "OfficeHome": {
      "path": "/leonardo_scratch/fast/IscrC_FoundCL/cl/lora-CL/ratatouille/ood/datasets/office_home",
      "num_classes": 65
    }
  },
  "base_model": "vit_base_patch16_224",
  "max_samples_per_class": 20,
  "batch_size": 32,
  "num_epochs": 10,
  "learning_rate": "1e-4",
  "lora_r": 8,
  "lora_alpha": 32,
  "lora_dropout": 0.05,
  "output_dir": "/leonardo_scratch/fast/IscrC_FoundCL/cl/lora-CL/ratatouille/ood/exp_outs",
  "test_dataset": "OfficeHome",
  "auxiliary_datasets": [
    "PACS",
    "VLCS"
  ]
}
Loading dataset: PACS
Dataset config: {'path': '/leonardo_scratch/fast/IscrC_FoundCL/cl/lora-CL/ratatouille/ood/datasets/PACS', 'num_classes': 7}
Loading dataset: VLCS
Dataset config: {'path': '/leonardo_scratch/fast/IscrC_FoundCL/cl/lora-CL/ratatouille/ood/datasets/VLCS', 'num_classes': 5}
Loading dataset: OfficeHome
Dataset config: {'path': '/leonardo_scratch/fast/IscrC_FoundCL/cl/lora-CL/ratatouille/ood/datasets/office_home', 'num_classes': 65}
Baseline 1: Training and testing on test domain only
Epoch 1/10, Loss: 2.1436, Accuracy: 48.23%
Epoch 2/10, Loss: 0.5258, Accuracy: 85.42%
Epoch 3/10, Loss: 0.2472, Accuracy: 92.73%
Epoch 4/10, Loss: 0.1714, Accuracy: 95.18%
Epoch 5/10, Loss: 0.1508, Accuracy: 95.55%
Epoch 6/10, Loss: 0.1278, Accuracy: 96.56%
Epoch 7/10, Loss: 0.1466, Accuracy: 95.78%
Epoch 8/10, Loss: 0.1360, Accuracy: 95.96%
Epoch 9/10, Loss: 0.1083, Accuracy: 96.42%
Epoch 10/10, Loss: 0.0982, Accuracy: 96.91%
Baseline 1 - Test Loss: 0.0938, Test Accuracy: 97.22%
Baseline 2: Training on other domains with LoRA, then testing on test domain
Training on dataset: PACS
Epoch 1/10, Loss: 4.3098, Accuracy: 1.43%
Epoch 2/10, Loss: 3.3683, Accuracy: 12.14%
Epoch 3/10, Loss: 2.1671, Accuracy: 25.00%
Epoch 4/10, Loss: 1.4892, Accuracy: 46.96%
Epoch 5/10, Loss: 1.0611, Accuracy: 63.21%
Epoch 6/10, Loss: 0.7814, Accuracy: 77.14%
Epoch 7/10, Loss: 0.5722, Accuracy: 83.57%
Epoch 8/10, Loss: 0.4357, Accuracy: 88.21%
Epoch 9/10, Loss: 0.3400, Accuracy: 92.32%
Epoch 10/10, Loss: 0.2600, Accuracy: 94.82%
Training on dataset: VLCS
Epoch 1/10, Loss: 2.9981, Accuracy: 17.50%
Epoch 2/10, Loss: 2.1445, Accuracy: 26.25%
Epoch 3/10, Loss: 1.5509, Accuracy: 39.75%
Epoch 4/10, Loss: 1.1220, Accuracy: 60.75%
Epoch 5/10, Loss: 0.8291, Accuracy: 72.00%
Epoch 6/10, Loss: 0.6234, Accuracy: 81.25%
Epoch 7/10, Loss: 0.4743, Accuracy: 87.25%
Epoch 8/10, Loss: 0.3669, Accuracy: 91.50%
Epoch 9/10, Loss: 0.2999, Accuracy: 94.50%
Epoch 10/10, Loss: 0.2346, Accuracy: 96.00%
Baseline 2 - Test Loss: 8.7133, Test Accuracy: 1.66%
Baseline 3: Weighted Average of LoRA Adapters
An error occurred: 'weighted_adapter_lr'
Traceback:
