Using device: cuda

Training LoRA adapter for domain: cartoon
Epoch 1, Train Loss: 1.8805, Train Accuracy: 23.79%
Validation Accuracy: 46.86%
Epoch 2, Train Loss: 1.0024, Train Accuracy: 67.51%
Validation Accuracy: 78.26%
Epoch 3, Train Loss: 0.3194, Train Accuracy: 90.34%
Validation Accuracy: 91.79%
Epoch 4, Train Loss: 0.1131, Train Accuracy: 96.86%
Validation Accuracy: 93.72%
Epoch 5, Train Loss: 0.0357, Train Accuracy: 99.64%
Validation Accuracy: 94.20%
Epoch 6, Train Loss: 0.0148, Train Accuracy: 100.00%
Validation Accuracy: 94.20%
Epoch 7, Train Loss: 0.0068, Train Accuracy: 100.00%
Validation Accuracy: 95.17%
Epoch 8, Train Loss: 0.0042, Train Accuracy: 100.00%
Validation Accuracy: 95.17%
Epoch 9, Train Loss: 0.0031, Train Accuracy: 100.00%
Validation Accuracy: 95.17%
Epoch 10, Train Loss: 0.0024, Train Accuracy: 100.00%
Validation Accuracy: 95.17%
Best Validation Accuracy: 95.17%
Accuracy for domain cartoon: 12.08%

Training LoRA adapter for domain: art_painting
Epoch 1, Train Loss: 1.8169, Train Accuracy: 31.19%
Validation Accuracy: 60.48%
Epoch 2, Train Loss: 0.8231, Train Accuracy: 80.48%
Validation Accuracy: 90.48%
Epoch 3, Train Loss: 0.1896, Train Accuracy: 95.00%
Validation Accuracy: 94.76%
Epoch 4, Train Loss: 0.0465, Train Accuracy: 99.40%
Validation Accuracy: 95.71%
Epoch 5, Train Loss: 0.0125, Train Accuracy: 100.00%
Validation Accuracy: 96.19%
Epoch 6, Train Loss: 0.0058, Train Accuracy: 100.00%
Validation Accuracy: 96.19%
Epoch 7, Train Loss: 0.0033, Train Accuracy: 100.00%
Validation Accuracy: 95.71%
Epoch 8, Train Loss: 0.0023, Train Accuracy: 100.00%
Validation Accuracy: 95.71%
Epoch 9, Train Loss: 0.0018, Train Accuracy: 100.00%
Validation Accuracy: 95.24%
Epoch 10, Train Loss: 0.0014, Train Accuracy: 100.00%
Validation Accuracy: 95.24%
Best Validation Accuracy: 96.19%
Accuracy for domain art_painting: 12.86%

Training LoRA adapter for domain: sketch
Epoch 1, Train Loss: 1.5759, Train Accuracy: 40.94%
Validation Accuracy: 48.98%
Epoch 2, Train Loss: 0.9355, Train Accuracy: 66.96%
Validation Accuracy: 72.96%
Epoch 3, Train Loss: 0.5754, Train Accuracy: 78.83%
Validation Accuracy: 73.98%
Epoch 4, Train Loss: 0.3823, Train Accuracy: 86.10%
Validation Accuracy: 78.06%
Epoch 5, Train Loss: 0.2419, Train Accuracy: 92.09%
Validation Accuracy: 80.10%
Epoch 6, Train Loss: 0.1430, Train Accuracy: 96.17%
Validation Accuracy: 80.10%
Epoch 7, Train Loss: 0.0881, Train Accuracy: 98.47%
Validation Accuracy: 82.14%
Epoch 8, Train Loss: 0.0445, Train Accuracy: 100.00%
Validation Accuracy: 82.14%
Epoch 9, Train Loss: 0.0212, Train Accuracy: 100.00%
Validation Accuracy: 83.67%
Epoch 10, Train Loss: 0.0120, Train Accuracy: 100.00%
Validation Accuracy: 82.65%
Best Validation Accuracy: 83.67%
Accuracy for domain sketch: 16.33%

Training LoRA adapter for domain: photo
Epoch 1, Train Loss: 1.6052, Train Accuracy: 41.19%
Validation Accuracy: 82.38%
Epoch 2, Train Loss: 0.3914, Train Accuracy: 94.64%
Validation Accuracy: 95.71%
Epoch 3, Train Loss: 0.0389, Train Accuracy: 99.52%
Validation Accuracy: 97.14%
Epoch 4, Train Loss: 0.0064, Train Accuracy: 100.00%
Validation Accuracy: 97.14%
Epoch 5, Train Loss: 0.0032, Train Accuracy: 100.00%
Validation Accuracy: 97.62%
Epoch 6, Train Loss: 0.0018, Train Accuracy: 100.00%
Validation Accuracy: 97.62%
Epoch 7, Train Loss: 0.0013, Train Accuracy: 100.00%
Validation Accuracy: 97.62%
Epoch 8, Train Loss: 0.0010, Train Accuracy: 100.00%
Validation Accuracy: 97.62%
Epoch 9, Train Loss: 0.0008, Train Accuracy: 100.00%
Validation Accuracy: 97.62%
Epoch 10, Train Loss: 0.0007, Train Accuracy: 100.00%
Validation Accuracy: 97.62%
Best Validation Accuracy: 97.62%
Accuracy for domain photo: 14.76%
