
--- Run 1/3 ---

Running LoRA with Separate Classifiers experiment
Test domain: art_painting
Train domains: ['cartoon', 'photo', 'sketch']

Running Baseline experiment (train and test on test domain)
Epoch 1/10, Train Loss: 1.4725, Train Accuracy: 46.57%
Val Loss: 0.3863, Val Accuracy: 90.46%
Epoch 2/10, Train Loss: 0.1671, Train Accuracy: 96.08%
Val Loss: 0.4560, Val Accuracy: 87.47%
Epoch 3/10, Train Loss: 0.0288, Train Accuracy: 99.51%
Val Loss: 0.4994, Val Accuracy: 87.26%
Epoch 4/10, Train Loss: 0.0162, Train Accuracy: 99.02%
Val Loss: 0.8698, Val Accuracy: 83.73%
Epoch 5/10, Train Loss: 0.1699, Train Accuracy: 97.06%
Val Loss: 0.4987, Val Accuracy: 87.96%
Epoch 6/10, Train Loss: 0.0699, Train Accuracy: 97.55%
Val Loss: 1.0742, Val Accuracy: 78.25%
Epoch 7/10, Train Loss: 0.0486, Train Accuracy: 98.53%
Val Loss: 0.6871, Val Accuracy: 83.03%
Epoch 8/10, Train Loss: 0.0393, Train Accuracy: 99.02%
Val Loss: 0.6236, Val Accuracy: 84.16%
Epoch 9/10, Train Loss: 0.1131, Train Accuracy: 97.55%
Val Loss: 0.7892, Val Accuracy: 82.43%
Epoch 10/10, Train Loss: 0.1627, Train Accuracy: 95.10%
Val Loss: 0.4496, Val Accuracy: 86.71%
Baseline Model - Final Test Loss: 0.3863, Test Accuracy: 90.46%

Training LoRA adapter for domain: cartoon
Epoch 1/10, Train Loss: 1.4092, Train Accuracy: 46.40%
Val Loss: 0.7683, Val Accuracy: 75.48%
Epoch 2/10, Train Loss: 0.4179, Train Accuracy: 87.68%
Val Loss: 0.2872, Val Accuracy: 92.11%
Epoch 3/10, Train Loss: 0.1890, Train Accuracy: 94.61%
Val Loss: 0.1987, Val Accuracy: 94.24%
Epoch 4/10, Train Loss: 0.0995, Train Accuracy: 97.55%
Val Loss: 0.1868, Val Accuracy: 94.03%
Epoch 5/10, Train Loss: 0.0557, Train Accuracy: 98.93%
Val Loss: 0.1793, Val Accuracy: 94.67%
Epoch 6/10, Train Loss: 0.0320, Train Accuracy: 99.68%
Val Loss: 0.1398, Val Accuracy: 95.74%
Epoch 7/10, Train Loss: 0.0155, Train Accuracy: 99.95%
Val Loss: 0.1275, Val Accuracy: 96.16%
Epoch 8/10, Train Loss: 0.0097, Train Accuracy: 100.00%
Val Loss: 0.1344, Val Accuracy: 96.38%
Epoch 9/10, Train Loss: 0.0066, Train Accuracy: 100.00%
Val Loss: 0.1245, Val Accuracy: 96.59%
Epoch 10/10, Train Loss: 0.0045, Train Accuracy: 100.00%
Val Loss: 0.1306, Val Accuracy: 96.59%
cartoon adapter trained. Validation Accuracy: 96.59%

Training LoRA adapter for domain: photo
Epoch 1/10, Train Loss: 0.6480, Train Accuracy: 83.83%
Val Loss: 0.2005, Val Accuracy: 97.31%
Epoch 2/10, Train Loss: 0.0915, Train Accuracy: 98.73%
Val Loss: 0.0418, Val Accuracy: 99.70%
Epoch 3/10, Train Loss: 0.0194, Train Accuracy: 100.00%
Val Loss: 0.0183, Val Accuracy: 99.70%
Epoch 4/10, Train Loss: 0.0071, Train Accuracy: 100.00%
Val Loss: 0.0109, Val Accuracy: 100.00%
Epoch 5/10, Train Loss: 0.0038, Train Accuracy: 100.00%
Val Loss: 0.0073, Val Accuracy: 100.00%
Epoch 6/10, Train Loss: 0.0023, Train Accuracy: 100.00%
Val Loss: 0.0062, Val Accuracy: 100.00%
Epoch 7/10, Train Loss: 0.0017, Train Accuracy: 100.00%
Val Loss: 0.0048, Val Accuracy: 100.00%
Epoch 8/10, Train Loss: 0.0011, Train Accuracy: 100.00%
Val Loss: 0.0042, Val Accuracy: 100.00%
Epoch 9/10, Train Loss: 0.0009, Train Accuracy: 100.00%
Val Loss: 0.0038, Val Accuracy: 100.00%
Epoch 10/10, Train Loss: 0.0007, Train Accuracy: 100.00%
Val Loss: 0.0037, Val Accuracy: 100.00%
photo adapter trained. Validation Accuracy: 100.00%

Training LoRA adapter for domain: sketch
Epoch 1/10, Train Loss: 0.8041, Train Accuracy: 69.33%
Val Loss: 0.4861, Val Accuracy: 81.68%
Epoch 2/10, Train Loss: 0.3707, Train Accuracy: 85.87%
Val Loss: 0.3384, Val Accuracy: 87.79%
Epoch 3/10, Train Loss: 0.2424, Train Accuracy: 91.31%
Val Loss: 0.3205, Val Accuracy: 87.79%
Epoch 4/10, Train Loss: 0.1689, Train Accuracy: 94.11%
Val Loss: 0.2835, Val Accuracy: 90.20%
Epoch 5/10, Train Loss: 0.0991, Train Accuracy: 96.50%
Val Loss: 0.2986, Val Accuracy: 90.20%
Epoch 6/10, Train Loss: 0.0609, Train Accuracy: 98.35%
Val Loss: 0.2780, Val Accuracy: 91.22%
Epoch 7/10, Train Loss: 0.0320, Train Accuracy: 99.30%
Val Loss: 0.2775, Val Accuracy: 91.48%
Epoch 8/10, Train Loss: 0.0191, Train Accuracy: 99.78%
Val Loss: 0.3056, Val Accuracy: 91.35%
Epoch 9/10, Train Loss: 0.0125, Train Accuracy: 99.78%
Val Loss: 0.2832, Val Accuracy: 92.62%
Epoch 10/10, Train Loss: 0.0049, Train Accuracy: 100.00%
Val Loss: 0.3102, Val Accuracy: 92.49%
sketch adapter trained. Validation Accuracy: 92.62%

Training coefficients for adapter merging
Epoch 1, Loss: 0.5640, Accuracy: 79.41%
Coefficients: [1.5516990e-04 2.3147825e-04 9.9961334e-01]
Epoch 2, Loss: 0.5741, Accuracy: 79.90%
Coefficients: [2.9890371e-05 4.7995356e-05 9.9992204e-01]
Epoch 3, Loss: 0.5530, Accuracy: 79.41%
Coefficients: [2.0012334e-05 3.2782827e-05 9.9994719e-01]
Epoch 4, Loss: 0.5228, Accuracy: 79.41%
Coefficients: [1.8043627e-05 2.9712928e-05 9.9995232e-01]
Epoch 5, Loss: 0.5693, Accuracy: 79.41%
Coefficients: [1.7563885e-05 2.8965131e-05 9.9995351e-01]
Epoch 6, Loss: 0.5639, Accuracy: 79.41%
Coefficients: [1.7439212e-05 2.8764742e-05 9.9995387e-01]
Epoch 7, Loss: 0.5426, Accuracy: 78.92%
Coefficients: [1.7407143e-05 2.8712997e-05 9.9995387e-01]
Epoch 8, Loss: 0.5470, Accuracy: 79.41%
Coefficients: [1.7399341e-05 2.8701113e-05 9.9995387e-01]
Epoch 9, Loss: 0.5919, Accuracy: 79.90%
Coefficients: [1.7397400e-05 2.8698378e-05 9.9995387e-01]
Epoch 10, Loss: 0.5227, Accuracy: 79.41%
Coefficients: [1.7396704e-05 2.8697063e-05 9.9995387e-01]
Best coefficient accuracy: 79.90%
Final best coefficients: [2.9890371e-05 4.7995356e-05 9.9992204e-01]

Merged model - Test Loss: 0.6325, Test Accuracy: 79.56%

--- Run 2/3 ---

Running LoRA with Separate Classifiers experiment
Test domain: art_painting
Train domains: ['cartoon', 'photo', 'sketch']

Running Baseline experiment (train and test on test domain)
Epoch 1/10, Train Loss: 1.4725, Train Accuracy: 46.57%
Val Loss: 0.3863, Val Accuracy: 90.46%
Epoch 2/10, Train Loss: 0.1671, Train Accuracy: 96.08%
Val Loss: 0.4560, Val Accuracy: 87.47%
Epoch 3/10, Train Loss: 0.0288, Train Accuracy: 99.51%
Val Loss: 0.4990, Val Accuracy: 87.26%
Epoch 4/10, Train Loss: 0.0164, Train Accuracy: 99.02%
Val Loss: 0.8289, Val Accuracy: 84.11%
Epoch 5/10, Train Loss: 0.0546, Train Accuracy: 99.02%
Val Loss: 0.8460, Val Accuracy: 83.24%
Epoch 6/10, Train Loss: 0.0529, Train Accuracy: 99.02%
Val Loss: 0.7024, Val Accuracy: 86.44%
Epoch 7/10, Train Loss: 0.1238, Train Accuracy: 97.55%
Val Loss: 0.5001, Val Accuracy: 87.26%
Epoch 8/10, Train Loss: 0.0609, Train Accuracy: 98.53%
Val Loss: 0.6818, Val Accuracy: 81.83%
Epoch 9/10, Train Loss: 0.0393, Train Accuracy: 99.02%
Val Loss: 0.4624, Val Accuracy: 85.74%
Epoch 10/10, Train Loss: 0.0299, Train Accuracy: 99.02%
Val Loss: 0.5445, Val Accuracy: 86.33%
Baseline Model - Final Test Loss: 0.3863, Test Accuracy: 90.46%

Training LoRA adapter for domain: cartoon
Epoch 1/10, Train Loss: 1.4092, Train Accuracy: 46.40%
Val Loss: 0.7683, Val Accuracy: 75.48%
Epoch 2/10, Train Loss: 0.4178, Train Accuracy: 87.73%
Val Loss: 0.2877, Val Accuracy: 92.11%
Epoch 3/10, Train Loss: 0.1893, Train Accuracy: 94.83%
Val Loss: 0.1951, Val Accuracy: 94.67%
Epoch 4/10, Train Loss: 0.1021, Train Accuracy: 97.33%
Val Loss: 0.1768, Val Accuracy: 94.24%
Epoch 5/10, Train Loss: 0.0550, Train Accuracy: 98.83%
Val Loss: 0.1759, Val Accuracy: 95.10%
Epoch 6/10, Train Loss: 0.0319, Train Accuracy: 99.68%
Val Loss: 0.1428, Val Accuracy: 95.95%
Epoch 7/10, Train Loss: 0.0155, Train Accuracy: 99.95%
Val Loss: 0.1255, Val Accuracy: 96.80%
Epoch 8/10, Train Loss: 0.0096, Train Accuracy: 100.00%
Val Loss: 0.1362, Val Accuracy: 96.38%
Epoch 9/10, Train Loss: 0.0065, Train Accuracy: 100.00%
Val Loss: 0.1254, Val Accuracy: 97.01%
Epoch 10/10, Train Loss: 0.0045, Train Accuracy: 100.00%
Val Loss: 0.1306, Val Accuracy: 96.59%
cartoon adapter trained. Validation Accuracy: 97.01%

Training LoRA adapter for domain: photo
Epoch 1/10, Train Loss: 0.6474, Train Accuracy: 83.68%
Val Loss: 0.2048, Val Accuracy: 97.60%
Epoch 2/10, Train Loss: 0.0904, Train Accuracy: 98.65%
Val Loss: 0.0417, Val Accuracy: 99.40%
Epoch 3/10, Train Loss: 0.0182, Train Accuracy: 100.00%
Val Loss: 0.0182, Val Accuracy: 99.70%
Epoch 4/10, Train Loss: 0.0068, Train Accuracy: 100.00%
Val Loss: 0.0113, Val Accuracy: 100.00%
Epoch 5/10, Train Loss: 0.0037, Train Accuracy: 100.00%
Val Loss: 0.0073, Val Accuracy: 100.00%
Epoch 6/10, Train Loss: 0.0021, Train Accuracy: 100.00%
Val Loss: 0.0063, Val Accuracy: 100.00%
Epoch 7/10, Train Loss: 0.0016, Train Accuracy: 100.00%
Val Loss: 0.0048, Val Accuracy: 100.00%
Epoch 8/10, Train Loss: 0.0011, Train Accuracy: 100.00%
Val Loss: 0.0041, Val Accuracy: 100.00%
Epoch 9/10, Train Loss: 0.0008, Train Accuracy: 100.00%
Val Loss: 0.0037, Val Accuracy: 100.00%
Epoch 10/10, Train Loss: 0.0007, Train Accuracy: 100.00%
Val Loss: 0.0036, Val Accuracy: 100.00%
photo adapter trained. Validation Accuracy: 100.00%

Training LoRA adapter for domain: sketch
Epoch 1/10, Train Loss: 0.8044, Train Accuracy: 69.39%
Val Loss: 0.4863, Val Accuracy: 81.68%
Epoch 2/10, Train Loss: 0.3713, Train Accuracy: 85.78%
Val Loss: 0.3385, Val Accuracy: 87.53%
Epoch 3/10, Train Loss: 0.2430, Train Accuracy: 91.28%
Val Loss: 0.3193, Val Accuracy: 87.91%
Epoch 4/10, Train Loss: 0.1681, Train Accuracy: 94.15%
Val Loss: 0.2819, Val Accuracy: 90.20%
Epoch 5/10, Train Loss: 0.0988, Train Accuracy: 96.60%
Val Loss: 0.2963, Val Accuracy: 90.33%
Epoch 6/10, Train Loss: 0.0598, Train Accuracy: 98.47%
Val Loss: 0.2810, Val Accuracy: 91.22%
Epoch 7/10, Train Loss: 0.0321, Train Accuracy: 99.27%
Val Loss: 0.2764, Val Accuracy: 91.48%
Epoch 8/10, Train Loss: 0.0184, Train Accuracy: 99.84%
Val Loss: 0.2977, Val Accuracy: 91.48%
Epoch 9/10, Train Loss: 0.0123, Train Accuracy: 99.87%
Val Loss: 0.2862, Val Accuracy: 92.75%
Epoch 10/10, Train Loss: 0.0049, Train Accuracy: 100.00%
Val Loss: 0.3107, Val Accuracy: 92.75%
sketch adapter trained. Validation Accuracy: 92.75%

Training coefficients for adapter merging
Epoch 1, Loss: 0.5658, Accuracy: 79.41%
Coefficients: [2.6029701e-04 3.6786625e-03 9.9606103e-01]
Epoch 2, Loss: 0.5759, Accuracy: 79.90%
Coefficients: [5.4716187e-05 8.4353494e-04 9.9910188e-01]
Epoch 3, Loss: 0.5550, Accuracy: 79.41%
Coefficients: [3.798338e-05 6.101866e-04 9.993518e-01]
Epoch 4, Loss: 0.5244, Accuracy: 79.41%
Coefficients: [3.4546247e-05 5.6050386e-04 9.9940491e-01]
Epoch 5, Loss: 0.5698, Accuracy: 79.41%
Coefficients: [3.3720251e-05 5.4891367e-04 9.9941742e-01]
Epoch 6, Loss: 0.5676, Accuracy: 79.90%
Coefficients: [3.3457560e-05 5.4400059e-04 9.9942255e-01]
Epoch 7, Loss: 0.5448, Accuracy: 78.92%
Coefficients: [3.3388889e-05 5.4271496e-04 9.9942398e-01]
Epoch 8, Loss: 0.5482, Accuracy: 79.41%
Coefficients: [3.3377495e-05 5.4259779e-04 9.9942410e-01]
Epoch 9, Loss: 0.5930, Accuracy: 79.90%
Coefficients: [3.3376342e-05 5.4263603e-04 9.9942398e-01]
Epoch 10, Loss: 0.5253, Accuracy: 79.90%
Coefficients: [3.3373228e-05 5.4254424e-04 9.9942410e-01]
Best coefficient accuracy: 79.90%
Final best coefficients: [5.4716187e-05 8.4353494e-04 9.9910188e-01]

Merged model - Test Loss: 0.6320, Test Accuracy: 79.56%

--- Run 3/3 ---

Running LoRA with Separate Classifiers experiment
Test domain: art_painting
Train domains: ['cartoon', 'photo', 'sketch']

Running Baseline experiment (train and test on test domain)
Epoch 1/10, Train Loss: 1.4725, Train Accuracy: 46.57%
Val Loss: 0.3863, Val Accuracy: 90.46%
Epoch 2/10, Train Loss: 0.1671, Train Accuracy: 96.08%
Val Loss: 0.4560, Val Accuracy: 87.47%
Epoch 3/10, Train Loss: 0.0288, Train Accuracy: 99.51%
Val Loss: 0.4991, Val Accuracy: 87.26%
Epoch 4/10, Train Loss: 0.0163, Train Accuracy: 99.02%
Val Loss: 0.8394, Val Accuracy: 83.84%
Epoch 5/10, Train Loss: 0.0609, Train Accuracy: 98.53%
Val Loss: 0.8175, Val Accuracy: 83.62%
Epoch 6/10, Train Loss: 0.0555, Train Accuracy: 98.53%
Val Loss: 0.5671, Val Accuracy: 87.31%
Epoch 7/10, Train Loss: 0.0610, Train Accuracy: 97.06%
Val Loss: 0.8618, Val Accuracy: 83.08%
Epoch 8/10, Train Loss: 0.1235, Train Accuracy: 97.55%
Val Loss: 1.3485, Val Accuracy: 74.51%
Epoch 9/10, Train Loss: 0.0910, Train Accuracy: 97.55%
Val Loss: 0.6975, Val Accuracy: 80.53%
Epoch 10/10, Train Loss: 0.0359, Train Accuracy: 98.53%
Val Loss: 0.4970, Val Accuracy: 84.92%
Baseline Model - Final Test Loss: 0.3863, Test Accuracy: 90.46%

Training LoRA adapter for domain: cartoon
Epoch 1/10, Train Loss: 1.4092, Train Accuracy: 46.40%
Val Loss: 0.7683, Val Accuracy: 75.48%
Epoch 2/10, Train Loss: 0.4175, Train Accuracy: 87.63%
Val Loss: 0.2882, Val Accuracy: 91.68%
Epoch 3/10, Train Loss: 0.1881, Train Accuracy: 94.67%
Val Loss: 0.1995, Val Accuracy: 94.67%
Epoch 4/10, Train Loss: 0.1008, Train Accuracy: 97.44%
Val Loss: 0.1809, Val Accuracy: 94.46%
Epoch 5/10, Train Loss: 0.0558, Train Accuracy: 98.77%
Val Loss: 0.1828, Val Accuracy: 94.46%
Epoch 6/10, Train Loss: 0.0325, Train Accuracy: 99.68%
Val Loss: 0.1404, Val Accuracy: 95.95%
Epoch 7/10, Train Loss: 0.0159, Train Accuracy: 99.95%
Val Loss: 0.1245, Val Accuracy: 96.59%
Epoch 8/10, Train Loss: 0.0099, Train Accuracy: 100.00%
Val Loss: 0.1316, Val Accuracy: 96.38%
Epoch 9/10, Train Loss: 0.0067, Train Accuracy: 100.00%
Val Loss: 0.1218, Val Accuracy: 96.80%
Epoch 10/10, Train Loss: 0.0046, Train Accuracy: 100.00%
Val Loss: 0.1280, Val Accuracy: 96.59%
cartoon adapter trained. Validation Accuracy: 96.80%

Training LoRA adapter for domain: photo
Epoch 1/10, Train Loss: 0.6481, Train Accuracy: 83.98%
Val Loss: 0.2016, Val Accuracy: 97.31%
Epoch 2/10, Train Loss: 0.0922, Train Accuracy: 98.73%
Val Loss: 0.0429, Val Accuracy: 99.70%
Epoch 3/10, Train Loss: 0.0194, Train Accuracy: 100.00%
Val Loss: 0.0186, Val Accuracy: 99.70%
Epoch 4/10, Train Loss: 0.0072, Train Accuracy: 100.00%
Val Loss: 0.0111, Val Accuracy: 100.00%
Epoch 5/10, Train Loss: 0.0039, Train Accuracy: 100.00%
Val Loss: 0.0071, Val Accuracy: 100.00%
Epoch 6/10, Train Loss: 0.0022, Train Accuracy: 100.00%
Val Loss: 0.0060, Val Accuracy: 100.00%
Epoch 7/10, Train Loss: 0.0016, Train Accuracy: 100.00%
Val Loss: 0.0046, Val Accuracy: 100.00%
Epoch 8/10, Train Loss: 0.0011, Train Accuracy: 100.00%
Val Loss: 0.0041, Val Accuracy: 100.00%
Epoch 9/10, Train Loss: 0.0009, Train Accuracy: 100.00%
Val Loss: 0.0038, Val Accuracy: 100.00%
Epoch 10/10, Train Loss: 0.0007, Train Accuracy: 100.00%
Val Loss: 0.0038, Val Accuracy: 100.00%
photo adapter trained. Validation Accuracy: 100.00%

Training LoRA adapter for domain: sketch
Epoch 1/10, Train Loss: 0.8042, Train Accuracy: 69.46%
Val Loss: 0.4857, Val Accuracy: 81.68%
Epoch 2/10, Train Loss: 0.3709, Train Accuracy: 85.78%
Val Loss: 0.3385, Val Accuracy: 87.66%
Epoch 3/10, Train Loss: 0.2429, Train Accuracy: 91.38%
Val Loss: 0.3215, Val Accuracy: 87.79%
Epoch 4/10, Train Loss: 0.1690, Train Accuracy: 94.08%
Val Loss: 0.2832, Val Accuracy: 90.33%
Epoch 5/10, Train Loss: 0.0992, Train Accuracy: 96.56%
Val Loss: 0.2980, Val Accuracy: 90.20%
Epoch 6/10, Train Loss: 0.0609, Train Accuracy: 98.38%
Val Loss: 0.2779, Val Accuracy: 91.09%
Epoch 7/10, Train Loss: 0.0319, Train Accuracy: 99.30%
Val Loss: 0.2765, Val Accuracy: 91.60%
Epoch 8/10, Train Loss: 0.0189, Train Accuracy: 99.75%
Val Loss: 0.3024, Val Accuracy: 91.35%
Epoch 9/10, Train Loss: 0.0123, Train Accuracy: 99.81%
Val Loss: 0.2836, Val Accuracy: 92.62%
Epoch 10/10, Train Loss: 0.0050, Train Accuracy: 100.00%
Val Loss: 0.3094, Val Accuracy: 92.49%
sketch adapter trained. Validation Accuracy: 92.62%

Training coefficients for adapter merging
Epoch 1, Loss: 0.5620, Accuracy: 79.41%
Coefficients: [1.650235e-04 2.473972e-04 9.995876e-01]
Epoch 2, Loss: 0.5726, Accuracy: 79.90%
Coefficients: [3.2424901e-05 5.2305608e-05 9.9991524e-01]
Epoch 3, Loss: 0.5501, Accuracy: 79.90%
Coefficients: [2.1827864e-05 3.5990499e-05 9.9994218e-01]
Epoch 4, Loss: 0.5202, Accuracy: 79.90%
Coefficients: [1.9707230e-05 3.2676871e-05 9.9994767e-01]
Epoch 5, Loss: 0.5667, Accuracy: 79.90%
Coefficients: [1.9189920e-05 3.1869404e-05 9.9994898e-01]
Epoch 6, Loss: 0.5621, Accuracy: 79.41%
Coefficients: [1.9054722e-05 3.1646141e-05 9.9994934e-01]
Epoch 7, Loss: 0.5404, Accuracy: 78.92%
Coefficients: [1.9019933e-05 3.1588399e-05 9.9994934e-01]
Epoch 8, Loss: 0.5453, Accuracy: 79.41%
Coefficients: [1.9011704e-05 3.1576201e-05 9.9994946e-01]
Epoch 9, Loss: 0.5894, Accuracy: 79.90%
Coefficients: [1.9009674e-05 3.1573702e-05 9.9994946e-01]
Epoch 10, Loss: 0.5209, Accuracy: 79.41%
Coefficients: [1.9008876e-05 3.1571926e-05 9.9994946e-01]
Best coefficient accuracy: 79.90%
Final best coefficients: [3.2424901e-05 5.2305608e-05 9.9991524e-01]

Merged model - Test Loss: 0.6316, Test Accuracy: 79.45%

Summary of All Runs:
Base Model Accuracy: 90.46% ± 0.00%
Merged Model Accuracy: 79.52% ± 0.05%
Average Coefficients:
  cartoon: 0.0000 ± 0.0000
  photo: 0.0003 ± 0.0004
  sketch: 0.9996 ± 0.0004
