Using device: cuda

Training LoRA adapter for domain: art_painting
Epoch 1, Train Loss: 1.8489, Train Accuracy: 27.26%
Validation Accuracy: 58.10%
Epoch 2, Train Loss: 0.8414, Train Accuracy: 79.88%
Validation Accuracy: 86.19%
Epoch 3, Train Loss: 0.1937, Train Accuracy: 95.24%
Validation Accuracy: 93.33%
Epoch 4, Train Loss: 0.0423, Train Accuracy: 99.05%
Validation Accuracy: 95.24%
Epoch 5, Train Loss: 0.0101, Train Accuracy: 100.00%
Validation Accuracy: 95.24%
Epoch 6, Train Loss: 0.0050, Train Accuracy: 100.00%
Validation Accuracy: 95.71%
Epoch 7, Train Loss: 0.0034, Train Accuracy: 100.00%
Validation Accuracy: 95.71%
Epoch 8, Train Loss: 0.0023, Train Accuracy: 100.00%
Validation Accuracy: 95.71%
Epoch 9, Train Loss: 0.0018, Train Accuracy: 100.00%
Validation Accuracy: 95.71%
Epoch 10, Train Loss: 0.0015, Train Accuracy: 100.00%
Validation Accuracy: 95.24%
Best Validation Accuracy: 95.71%
