
Evaluating:   0%|          | 0/1 [00:00<?, ?it/s]
Evaluating: 100%|██████████| 1/1 [00:04<00:00,  4.78s/it]
                                                         

Training:   0%|          | 0/1 [00:00<?, ?it/s]
Training: 100%|██████████| 1/1 [00:00<00:00,  4.62it/s]
                                                       

Evaluating:   0%|          | 0/1 [00:00<?, ?it/s]
                                                 

Training:   0%|          | 0/1 [00:00<?, ?it/s]
Training: 100%|██████████| 1/1 [00:00<00:00,  5.50it/s]
                                                       

Evaluating:   0%|          | 0/1 [00:00<?, ?it/s]
                                                 

Training:   0%|          | 0/1 [00:00<?, ?it/s]
Training: 100%|██████████| 1/1 [00:00<00:00,  5.44it/s]
                                                       

Evaluating:   0%|          | 0/1 [00:00<?, ?it/s]
                                                 

Training:   0%|          | 0/1 [00:00<?, ?it/s]
Training: 100%|██████████| 1/1 [00:00<00:00,  5.59it/s]
                                                       

Evaluating:   0%|          | 0/1 [00:00<?, ?it/s]
                                                 

Training:   0%|          | 0/1 [00:00<?, ?it/s]
Training: 100%|██████████| 1/1 [00:00<00:00,  5.55it/s]
                                                       

Evaluating:   0%|          | 0/1 [00:00<?, ?it/s]
                                                 

Training:   0%|          | 0/1 [00:00<?, ?it/s]
Training: 100%|██████████| 1/1 [00:00<00:00,  5.61it/s]
                                                       

Evaluating:   0%|          | 0/1 [00:00<?, ?it/s]
                                                 

Training:   0%|          | 0/1 [00:00<?, ?it/s]
Training: 100%|██████████| 1/1 [00:00<00:00,  5.65it/s]
                                                       

Evaluating:   0%|          | 0/1 [00:00<?, ?it/s]
                                                 

Training:   0%|          | 0/1 [00:00<?, ?it/s]
Training: 100%|██████████| 1/1 [00:00<00:00,  5.58it/s]
                                                       

Evaluating:   0%|          | 0/1 [00:00<?, ?it/s]
                                                 

Training:   0%|          | 0/1 [00:00<?, ?it/s]
Training: 100%|██████████| 1/1 [00:00<00:00,  5.61it/s]
                                                       

Evaluating:   0%|          | 0/1 [00:00<?, ?it/s]
                                                 

Training:   0%|          | 0/1 [00:00<?, ?it/s]
Training: 100%|██████████| 1/1 [00:00<00:00,  5.59it/s]
                                                       

Evaluating:   0%|          | 0/1 [00:00<?, ?it/s]
                                                 

Training:   0%|          | 0/1 [00:00<?, ?it/s]
Training: 100%|██████████| 1/1 [00:00<00:00,  5.57it/s]
                                                       

Evaluating:   0%|          | 0/1 [00:00<?, ?it/s]
                                                 

Training:   0%|          | 0/1 [00:00<?, ?it/s]
Training: 100%|██████████| 1/1 [00:00<00:00,  5.58it/s]
                                                       

Evaluating:   0%|          | 0/1 [00:00<?, ?it/s]
                                                 

Training:   0%|          | 0/1 [00:00<?, ?it/s]
Training: 100%|██████████| 1/1 [00:00<00:00,  5.58it/s]
                                                       

Evaluating:   0%|          | 0/1 [00:00<?, ?it/s]
                                                 

Training:   0%|          | 0/1 [00:00<?, ?it/s]
Training: 100%|██████████| 1/1 [00:00<00:00,  5.57it/s]
                                                       

Evaluating:   0%|          | 0/1 [00:00<?, ?it/s]
                                                 

Training:   0%|          | 0/1 [00:00<?, ?it/s]
Training: 100%|██████████| 1/1 [00:00<00:00,  5.63it/s]
                                                       

Evaluating:   0%|          | 0/1 [00:00<?, ?it/s]
                                                 

Training:   0%|          | 0/1 [00:00<?, ?it/s]
Training: 100%|██████████| 1/1 [00:00<00:00,  5.63it/s]
                                                       

Evaluating:   0%|          | 0/1 [00:00<?, ?it/s]
                                                 

Training:   0%|          | 0/1 [00:00<?, ?it/s]
Training: 100%|██████████| 1/1 [00:00<00:00,  5.63it/s]
                                                       

Evaluating:   0%|          | 0/1 [00:00<?, ?it/s]
                                                 

Training:   0%|          | 0/1 [00:00<?, ?it/s]
Training: 100%|██████████| 1/1 [00:00<00:00,  5.62it/s]
                                                       

Evaluating:   0%|          | 0/1 [00:00<?, ?it/s]
                                                 

Training:   0%|          | 0/1 [00:00<?, ?it/s]
Training: 100%|██████████| 1/1 [00:00<00:00,  5.62it/s]
                                                       

Evaluating:   0%|          | 0/1 [00:00<?, ?it/s]
                                                 

Training:   0%|          | 0/1 [00:00<?, ?it/s]
Training: 100%|██████████| 1/1 [00:00<00:00,  5.61it/s]
                                                       

Evaluating:   0%|          | 0/1 [00:00<?, ?it/s]
                                                 

Training:   0%|          | 0/1 [00:00<?, ?it/s]
Training: 100%|██████████| 1/1 [00:00<00:00,  5.68it/s]
                                                       

Evaluating:   0%|          | 0/1 [00:00<?, ?it/s]
                                                 

Training:   0%|          | 0/1 [00:00<?, ?it/s]
Training: 100%|██████████| 1/1 [00:00<00:00,  5.73it/s]
                                                       

Evaluating:   0%|          | 0/1 [00:00<?, ?it/s]
                                                 

Training:   0%|          | 0/1 [00:00<?, ?it/s]
Training: 100%|██████████| 1/1 [00:00<00:00,  5.76it/s]
                                                       

Evaluating:   0%|          | 0/1 [00:00<?, ?it/s]
                                                 

Training:   0%|          | 0/1 [00:00<?, ?it/s]
Training: 100%|██████████| 1/1 [00:00<00:00,  5.72it/s]
                                                       

Evaluating:   0%|          | 0/1 [00:00<?, ?it/s]
                                                 

Training:   0%|          | 0/1 [00:00<?, ?it/s]
Training: 100%|██████████| 1/1 [00:00<00:00,  5.74it/s]
                                                       

Evaluating:   0%|          | 0/1 [00:00<?, ?it/s]
                                                 

Training:   0%|          | 0/1 [00:00<?, ?it/s]
Training: 100%|██████████| 1/1 [00:00<00:00,  5.74it/s]
                                                       

Evaluating:   0%|          | 0/1 [00:00<?, ?it/s]
                                                 

Training:   0%|          | 0/1 [00:00<?, ?it/s]
Training: 100%|██████████| 1/1 [00:00<00:00,  5.78it/s]
                                                       

Evaluating:   0%|          | 0/1 [00:00<?, ?it/s]
                                                 

Training:   0%|          | 0/1 [00:00<?, ?it/s]
Training: 100%|██████████| 1/1 [00:00<00:00,  5.76it/s]
                                                       

Evaluating:   0%|          | 0/1 [00:00<?, ?it/s]
                                                 

Training:   0%|          | 0/1 [00:00<?, ?it/s]
Training: 100%|██████████| 1/1 [00:00<00:00,  5.64it/s]
                                                       

Evaluating:   0%|          | 0/1 [00:00<?, ?it/s]
                                                 

Training:   0%|          | 0/1 [00:00<?, ?it/s]
Training: 100%|██████████| 1/1 [00:00<00:00,  5.76it/s]
                                                       

Evaluating:   0%|          | 0/1 [00:00<?, ?it/s]
                                                 

Evaluating:   0%|          | 0/1 [00:00<?, ?it/s]
Evaluating: 100%|██████████| 1/1 [00:00<00:00,  7.68it/s]
                                                         

Evaluating:   0%|          | 0/1 [00:00<?, ?it/s]
Evaluating: 100%|██████████| 1/1 [00:00<00:00,  7.76it/s]
                                                         

Evaluating:   0%|          | 0/1 [00:00<?, ?it/s]
Evaluating: 100%|██████████| 1/1 [00:00<00:00,  7.58it/s]
                                                         
Traceback (most recent call last):
  File "/leonardo_scratch/fast/IscrC_FoundCL/cl/lora-CL/ratatouille/ood/experiments/ties.py", line 415, in <module>
    main(config)
  File "/leonardo_scratch/fast/IscrC_FoundCL/cl/lora-CL/ratatouille/ood/experiments/ties.py", line 377, in main
    result = experiment.run_experiment()
  File "/leonardo_scratch/fast/IscrC_FoundCL/cl/lora-CL/ratatouille/ood/experiments/ties.py", line 342, in run_experiment
    merged_model = self.create_merged_model_with_ties(self.coefficients)
  File "/leonardo_scratch/fast/IscrC_FoundCL/cl/lora-CL/ratatouille/ood/experiments/ties.py", line 308, in create_merged_model_with_ties
    return MergedModelWithTIES(self.base_model, self.lora_adapters, coefficients).to(self.device)
  File "/leonardo_scratch/fast/IscrC_FoundCL/cl/lora-CL/ratatouille/ood/experiments/ties.py", line 294, in __init__
    r=self.config['lora_r'],
  File "/leonardo_scratch/fast/IscrC_FoundCL/cl/lora-CL/l2/lib/python3.10/site-packages/torch/nn/modules/module.py", line 1709, in __getattr__
    raise AttributeError(f"'{type(self).__name__}' object has no attribute '{name}'")
AttributeError: 'MergedModelWithTIES' object has no attribute 'config'
