
--- Run 1/3 ---

Running LoRA with TIES experiment
Test domain: photo
Train domains: ['art_painting', 'cartoon', 'sketch']
Baseline Epoch 1/10, Train Loss: 1.6114, Train Accuracy: 33.33%
Val Loss: 2.0903, Val Accuracy: 21.88%
Baseline Epoch 2/10, Train Loss: 0.5912, Train Accuracy: 100.00%
Val Loss: 2.1012, Val Accuracy: 18.75%
Baseline Epoch 3/10, Train Loss: 0.2126, Train Accuracy: 100.00%
Val Loss: 2.1251, Val Accuracy: 18.75%
Baseline Epoch 4/10, Train Loss: 0.0845, Train Accuracy: 100.00%
Val Loss: 2.1553, Val Accuracy: 18.75%
Baseline Epoch 5/10, Train Loss: 0.0349, Train Accuracy: 100.00%
Val Loss: 2.1845, Val Accuracy: 18.75%
Baseline Epoch 6/10, Train Loss: 0.0149, Train Accuracy: 100.00%
Val Loss: 2.2153, Val Accuracy: 18.75%
Baseline Epoch 7/10, Train Loss: 0.0066, Train Accuracy: 100.00%
Val Loss: 2.2459, Val Accuracy: 21.88%
Baseline Epoch 8/10, Train Loss: 0.0031, Train Accuracy: 100.00%
Val Loss: 2.2775, Val Accuracy: 18.75%
Baseline Epoch 9/10, Train Loss: 0.0016, Train Accuracy: 100.00%
Val Loss: 2.3047, Val Accuracy: 18.75%
Baseline Epoch 10/10, Train Loss: 0.0009, Train Accuracy: 100.00%
Val Loss: 2.3291, Val Accuracy: 18.75%
Baseline Model - Final Test Accuracy: 18.75%

Training LoRA adapter for domain: art_painting

Training LoRA adapter for domain: art_painting
Created LoRA model: <class 'peft.peft_model.PeftModel'>
Epoch 1/10, Train Loss: 2.2928, Train Accuracy: 17.86%
Val Loss: 2.1633, Val Accuracy: 14.29%
Epoch 2/10, Train Loss: 2.1931, Train Accuracy: 17.86%
Val Loss: 2.1394, Val Accuracy: 14.29%
Epoch 3/10, Train Loss: 2.1166, Train Accuracy: 21.43%
Val Loss: 2.1184, Val Accuracy: 14.29%
Epoch 4/10, Train Loss: 2.0386, Train Accuracy: 21.43%
Val Loss: 2.0972, Val Accuracy: 14.29%
Epoch 5/10, Train Loss: 1.9590, Train Accuracy: 21.43%
Val Loss: 2.0749, Val Accuracy: 14.29%
Epoch 6/10, Train Loss: 1.8792, Train Accuracy: 21.43%
Val Loss: 2.0520, Val Accuracy: 14.29%
Epoch 7/10, Train Loss: 1.7985, Train Accuracy: 21.43%
Val Loss: 2.0284, Val Accuracy: 14.29%
Epoch 8/10, Train Loss: 1.7191, Train Accuracy: 28.57%
Val Loss: 2.0044, Val Accuracy: 14.29%
Epoch 9/10, Train Loss: 1.6393, Train Accuracy: 32.14%
Val Loss: 1.9798, Val Accuracy: 14.29%
Epoch 10/10, Train Loss: 1.5588, Train Accuracy: 39.29%
Val Loss: 1.9548, Val Accuracy: 14.29%
art_painting adapter trained. Validation Accuracy: 14.29%
LoRA state keys: dict_keys(['base_model.model.blocks.0.attn.qkv.lora_A.weight', 'base_model.model.blocks.0.attn.qkv.lora_B.weight', 'base_model.model.blocks.1.attn.qkv.lora_A.weight', 'base_model.model.blocks.1.attn.qkv.lora_B.weight', 'base_model.model.blocks.2.attn.qkv.lora_A.weight', 'base_model.model.blocks.2.attn.qkv.lora_B.weight', 'base_model.model.blocks.3.attn.qkv.lora_A.weight', 'base_model.model.blocks.3.attn.qkv.lora_B.weight', 'base_model.model.blocks.4.attn.qkv.lora_A.weight', 'base_model.model.blocks.4.attn.qkv.lora_B.weight', 'base_model.model.blocks.5.attn.qkv.lora_A.weight', 'base_model.model.blocks.5.attn.qkv.lora_B.weight', 'base_model.model.blocks.6.attn.qkv.lora_A.weight', 'base_model.model.blocks.6.attn.qkv.lora_B.weight', 'base_model.model.blocks.7.attn.qkv.lora_A.weight', 'base_model.model.blocks.7.attn.qkv.lora_B.weight', 'base_model.model.blocks.8.attn.qkv.lora_A.weight', 'base_model.model.blocks.8.attn.qkv.lora_B.weight', 'base_model.model.blocks.9.attn.qkv.lora_A.weight', 'base_model.model.blocks.9.attn.qkv.lora_B.weight', 'base_model.model.blocks.10.attn.qkv.lora_A.weight', 'base_model.model.blocks.10.attn.qkv.lora_B.weight', 'base_model.model.blocks.11.attn.qkv.lora_A.weight', 'base_model.model.blocks.11.attn.qkv.lora_B.weight'])

Training LoRA adapter for domain: cartoon

Training LoRA adapter for domain: cartoon
Created LoRA model: <class 'peft.peft_model.PeftModel'>
Epoch 1/10, Train Loss: 2.6305, Train Accuracy: 7.14%
Val Loss: 2.0953, Val Accuracy: 28.57%
Epoch 2/10, Train Loss: 2.5277, Train Accuracy: 7.14%
Val Loss: 2.0542, Val Accuracy: 28.57%
Epoch 3/10, Train Loss: 2.4690, Train Accuracy: 3.57%
Val Loss: 2.0359, Val Accuracy: 28.57%
Epoch 4/10, Train Loss: 2.4032, Train Accuracy: 7.14%
Val Loss: 2.0294, Val Accuracy: 28.57%
Epoch 5/10, Train Loss: 2.3345, Train Accuracy: 7.14%
Val Loss: 2.0307, Val Accuracy: 28.57%
Epoch 6/10, Train Loss: 2.2612, Train Accuracy: 7.14%
Val Loss: 2.0400, Val Accuracy: 28.57%
Epoch 7/10, Train Loss: 2.1805, Train Accuracy: 10.71%
Val Loss: 2.0554, Val Accuracy: 28.57%
Epoch 8/10, Train Loss: 2.0982, Train Accuracy: 14.29%
Val Loss: 2.0744, Val Accuracy: 14.29%
Epoch 9/10, Train Loss: 2.0179, Train Accuracy: 14.29%
Val Loss: 2.0962, Val Accuracy: 14.29%
Epoch 10/10, Train Loss: 1.9425, Train Accuracy: 21.43%
Val Loss: 2.1145, Val Accuracy: 14.29%
cartoon adapter trained. Validation Accuracy: 28.57%
LoRA state keys: dict_keys(['base_model.model.blocks.0.attn.qkv.lora_A.weight', 'base_model.model.blocks.0.attn.qkv.lora_B.weight', 'base_model.model.blocks.1.attn.qkv.lora_A.weight', 'base_model.model.blocks.1.attn.qkv.lora_B.weight', 'base_model.model.blocks.2.attn.qkv.lora_A.weight', 'base_model.model.blocks.2.attn.qkv.lora_B.weight', 'base_model.model.blocks.3.attn.qkv.lora_A.weight', 'base_model.model.blocks.3.attn.qkv.lora_B.weight', 'base_model.model.blocks.4.attn.qkv.lora_A.weight', 'base_model.model.blocks.4.attn.qkv.lora_B.weight', 'base_model.model.blocks.5.attn.qkv.lora_A.weight', 'base_model.model.blocks.5.attn.qkv.lora_B.weight', 'base_model.model.blocks.6.attn.qkv.lora_A.weight', 'base_model.model.blocks.6.attn.qkv.lora_B.weight', 'base_model.model.blocks.7.attn.qkv.lora_A.weight', 'base_model.model.blocks.7.attn.qkv.lora_B.weight', 'base_model.model.blocks.8.attn.qkv.lora_A.weight', 'base_model.model.blocks.8.attn.qkv.lora_B.weight', 'base_model.model.blocks.9.attn.qkv.lora_A.weight', 'base_model.model.blocks.9.attn.qkv.lora_B.weight', 'base_model.model.blocks.10.attn.qkv.lora_A.weight', 'base_model.model.blocks.10.attn.qkv.lora_B.weight', 'base_model.model.blocks.11.attn.qkv.lora_A.weight', 'base_model.model.blocks.11.attn.qkv.lora_B.weight'])

Training LoRA adapter for domain: sketch

Training LoRA adapter for domain: sketch
Created LoRA model: <class 'peft.peft_model.PeftModel'>
Epoch 1/10, Train Loss: 2.2758, Train Accuracy: 32.14%
Val Loss: 2.0975, Val Accuracy: 0.00%
Epoch 2/10, Train Loss: 2.1733, Train Accuracy: 28.57%
Val Loss: 2.0564, Val Accuracy: 0.00%
Epoch 3/10, Train Loss: 2.0790, Train Accuracy: 25.00%
Val Loss: 2.0104, Val Accuracy: 0.00%
Epoch 4/10, Train Loss: 1.9908, Train Accuracy: 25.00%
Val Loss: 1.9691, Val Accuracy: 0.00%
Epoch 5/10, Train Loss: 1.9101, Train Accuracy: 25.00%
Val Loss: 1.9304, Val Accuracy: 0.00%
Epoch 6/10, Train Loss: 1.8410, Train Accuracy: 28.57%
Val Loss: 1.8942, Val Accuracy: 0.00%
Epoch 7/10, Train Loss: 1.7781, Train Accuracy: 28.57%
Val Loss: 1.8637, Val Accuracy: 0.00%
Epoch 8/10, Train Loss: 1.7192, Train Accuracy: 28.57%
Val Loss: 1.8382, Val Accuracy: 14.29%
Epoch 9/10, Train Loss: 1.6617, Train Accuracy: 35.71%
Val Loss: 1.8174, Val Accuracy: 14.29%
Epoch 10/10, Train Loss: 1.6093, Train Accuracy: 46.43%
Val Loss: 1.8020, Val Accuracy: 14.29%
sketch adapter trained. Validation Accuracy: 14.29%
LoRA state keys: dict_keys(['base_model.model.blocks.0.attn.qkv.lora_A.weight', 'base_model.model.blocks.0.attn.qkv.lora_B.weight', 'base_model.model.blocks.1.attn.qkv.lora_A.weight', 'base_model.model.blocks.1.attn.qkv.lora_B.weight', 'base_model.model.blocks.2.attn.qkv.lora_A.weight', 'base_model.model.blocks.2.attn.qkv.lora_B.weight', 'base_model.model.blocks.3.attn.qkv.lora_A.weight', 'base_model.model.blocks.3.attn.qkv.lora_B.weight', 'base_model.model.blocks.4.attn.qkv.lora_A.weight', 'base_model.model.blocks.4.attn.qkv.lora_B.weight', 'base_model.model.blocks.5.attn.qkv.lora_A.weight', 'base_model.model.blocks.5.attn.qkv.lora_B.weight', 'base_model.model.blocks.6.attn.qkv.lora_A.weight', 'base_model.model.blocks.6.attn.qkv.lora_B.weight', 'base_model.model.blocks.7.attn.qkv.lora_A.weight', 'base_model.model.blocks.7.attn.qkv.lora_B.weight', 'base_model.model.blocks.8.attn.qkv.lora_A.weight', 'base_model.model.blocks.8.attn.qkv.lora_B.weight', 'base_model.model.blocks.9.attn.qkv.lora_A.weight', 'base_model.model.blocks.9.attn.qkv.lora_B.weight', 'base_model.model.blocks.10.attn.qkv.lora_A.weight', 'base_model.model.blocks.10.attn.qkv.lora_B.weight', 'base_model.model.blocks.11.attn.qkv.lora_A.weight', 'base_model.model.blocks.11.attn.qkv.lora_B.weight'])

Number of trained LoRA adapters: 3

Training coefficients for adapter merging
