
--- Run 1/3 ---

Running LoRA with TIES experiment
Test domain: sketch
Train domains: ['photo', 'art_painting', 'cartoon']
Baseline Epoch 1/10, Train Loss: 1.4914, Train Accuracy: 33.33%
Val Loss: 2.2648, Val Accuracy: 12.50%
Baseline Epoch 2/10, Train Loss: 0.8927, Train Accuracy: 66.67%
Val Loss: 2.4858, Val Accuracy: 12.50%
Baseline Epoch 3/10, Train Loss: 0.4985, Train Accuracy: 100.00%
Val Loss: 2.7342, Val Accuracy: 18.75%
Baseline Epoch 4/10, Train Loss: 0.2737, Train Accuracy: 100.00%
Val Loss: 2.9774, Val Accuracy: 18.75%
Baseline Epoch 5/10, Train Loss: 0.1469, Train Accuracy: 100.00%
Val Loss: 3.1821, Val Accuracy: 18.75%
Baseline Epoch 6/10, Train Loss: 0.0775, Train Accuracy: 100.00%
Val Loss: 3.3527, Val Accuracy: 18.75%
Baseline Epoch 7/10, Train Loss: 0.0426, Train Accuracy: 100.00%
Val Loss: 3.5020, Val Accuracy: 18.75%
Baseline Epoch 8/10, Train Loss: 0.0237, Train Accuracy: 100.00%
Val Loss: 3.6350, Val Accuracy: 18.75%
Baseline Epoch 9/10, Train Loss: 0.0132, Train Accuracy: 100.00%
Val Loss: 3.7537, Val Accuracy: 18.75%
Baseline Epoch 10/10, Train Loss: 0.0075, Train Accuracy: 100.00%
Val Loss: 3.8597, Val Accuracy: 18.75%
Baseline Model - Final Test Accuracy: 18.75%

Training LoRA adapter for domain: photo

Training LoRA adapter for domain: photo
Created LoRA model: <class 'peft.peft_model.PeftModel'>
Epoch 1/10, Train Loss: 1.9158, Train Accuracy: 28.57%
Val Loss: 2.6368, Val Accuracy: 0.00%
Epoch 2/10, Train Loss: 1.8702, Train Accuracy: 28.57%
Val Loss: 2.6163, Val Accuracy: 0.00%
Epoch 3/10, Train Loss: 1.8225, Train Accuracy: 32.14%
Val Loss: 2.5949, Val Accuracy: 0.00%
Epoch 4/10, Train Loss: 1.7711, Train Accuracy: 35.71%
Val Loss: 2.5734, Val Accuracy: 0.00%
Epoch 5/10, Train Loss: 1.7235, Train Accuracy: 39.29%
Val Loss: 2.5544, Val Accuracy: 0.00%
Epoch 6/10, Train Loss: 1.6727, Train Accuracy: 39.29%
Val Loss: 2.5356, Val Accuracy: 0.00%
Epoch 7/10, Train Loss: 1.6239, Train Accuracy: 42.86%
Val Loss: 2.5160, Val Accuracy: 0.00%
Epoch 8/10, Train Loss: 1.5734, Train Accuracy: 42.86%
Val Loss: 2.4959, Val Accuracy: 0.00%
Epoch 9/10, Train Loss: 1.5223, Train Accuracy: 42.86%
Val Loss: 2.4758, Val Accuracy: 0.00%
Epoch 10/10, Train Loss: 1.4712, Train Accuracy: 46.43%
Val Loss: 2.4555, Val Accuracy: 0.00%
photo adapter trained. Validation Accuracy: 0.00%
