
--- Run 1/3 ---

Running LoRA with TIES experiment
Test domain: photo
Train domains: ['sketch', 'cartoon', 'art_painting']
Baseline Epoch 1/10, Train Loss: 1.6114, Train Accuracy: 33.33%
Val Loss: 2.0903, Val Accuracy: 21.88%
Baseline Epoch 2/10, Train Loss: 0.5912, Train Accuracy: 100.00%
Val Loss: 2.1012, Val Accuracy: 18.75%
Baseline Epoch 3/10, Train Loss: 0.2126, Train Accuracy: 100.00%
Val Loss: 2.1251, Val Accuracy: 18.75%
Baseline Epoch 4/10, Train Loss: 0.0845, Train Accuracy: 100.00%
Val Loss: 2.1553, Val Accuracy: 18.75%
Baseline Epoch 5/10, Train Loss: 0.0349, Train Accuracy: 100.00%
Val Loss: 2.1845, Val Accuracy: 18.75%
Baseline Epoch 6/10, Train Loss: 0.0149, Train Accuracy: 100.00%
Val Loss: 2.2153, Val Accuracy: 18.75%
Baseline Epoch 7/10, Train Loss: 0.0066, Train Accuracy: 100.00%
Val Loss: 2.2459, Val Accuracy: 21.88%
Baseline Epoch 8/10, Train Loss: 0.0031, Train Accuracy: 100.00%
Val Loss: 2.2775, Val Accuracy: 18.75%
Baseline Epoch 9/10, Train Loss: 0.0016, Train Accuracy: 100.00%
Val Loss: 2.3047, Val Accuracy: 18.75%
Baseline Epoch 10/10, Train Loss: 0.0009, Train Accuracy: 100.00%
Val Loss: 2.3291, Val Accuracy: 18.75%
Baseline Model - Final Test Accuracy: 18.75%

Training LoRA adapter for domain: sketch

Training LoRA adapter for domain: sketch
Created LoRA model: <class 'peft.peft_model.PeftModel'>
Epoch 1/10, Train Loss: 2.2214, Train Accuracy: 28.57%
Val Loss: 2.2491, Val Accuracy: 14.29%
Epoch 2/10, Train Loss: 2.1428, Train Accuracy: 25.00%
Val Loss: 2.1708, Val Accuracy: 14.29%
Epoch 3/10, Train Loss: 2.0639, Train Accuracy: 25.00%
Val Loss: 2.0980, Val Accuracy: 14.29%
Epoch 4/10, Train Loss: 1.9832, Train Accuracy: 25.00%
Val Loss: 2.0321, Val Accuracy: 14.29%
Epoch 5/10, Train Loss: 1.9034, Train Accuracy: 25.00%
Val Loss: 1.9697, Val Accuracy: 14.29%
Epoch 6/10, Train Loss: 1.8286, Train Accuracy: 25.00%
Val Loss: 1.9085, Val Accuracy: 14.29%
Epoch 7/10, Train Loss: 1.7585, Train Accuracy: 28.57%
Val Loss: 1.8541, Val Accuracy: 14.29%
Epoch 8/10, Train Loss: 1.6981, Train Accuracy: 35.71%
Val Loss: 1.8083, Val Accuracy: 14.29%
Epoch 9/10, Train Loss: 1.6420, Train Accuracy: 46.43%
Val Loss: 1.7691, Val Accuracy: 28.57%
Epoch 10/10, Train Loss: 1.5835, Train Accuracy: 53.57%
Val Loss: 1.7362, Val Accuracy: 28.57%
Best validation accuracy for sketch: 28.57%
LoRA state keys: dict_keys(['base_model.model.blocks.0.attn.qkv.lora_A.weight', 'base_model.model.blocks.0.attn.qkv.lora_B.weight', 'base_model.model.blocks.1.attn.qkv.lora_A.weight', 'base_model.model.blocks.1.attn.qkv.lora_B.weight', 'base_model.model.blocks.2.attn.qkv.lora_A.weight', 'base_model.model.blocks.2.attn.qkv.lora_B.weight', 'base_model.model.blocks.3.attn.qkv.lora_A.weight', 'base_model.model.blocks.3.attn.qkv.lora_B.weight', 'base_model.model.blocks.4.attn.qkv.lora_A.weight', 'base_model.model.blocks.4.attn.qkv.lora_B.weight', 'base_model.model.blocks.5.attn.qkv.lora_A.weight', 'base_model.model.blocks.5.attn.qkv.lora_B.weight', 'base_model.model.blocks.6.attn.qkv.lora_A.weight', 'base_model.model.blocks.6.attn.qkv.lora_B.weight', 'base_model.model.blocks.7.attn.qkv.lora_A.weight', 'base_model.model.blocks.7.attn.qkv.lora_B.weight', 'base_model.model.blocks.8.attn.qkv.lora_A.weight', 'base_model.model.blocks.8.attn.qkv.lora_B.weight', 'base_model.model.blocks.9.attn.qkv.lora_A.weight', 'base_model.model.blocks.9.attn.qkv.lora_B.weight', 'base_model.model.blocks.10.attn.qkv.lora_A.weight', 'base_model.model.blocks.10.attn.qkv.lora_B.weight', 'base_model.model.blocks.11.attn.qkv.lora_A.weight', 'base_model.model.blocks.11.attn.qkv.lora_B.weight'])
sketch adapter trained. Validation Accuracy: 28.57%
LoRA state keys: dict_keys(['base_model.model.blocks.0.attn.qkv.lora_A.weight', 'base_model.model.blocks.0.attn.qkv.lora_B.weight', 'base_model.model.blocks.1.attn.qkv.lora_A.weight', 'base_model.model.blocks.1.attn.qkv.lora_B.weight', 'base_model.model.blocks.2.attn.qkv.lora_A.weight', 'base_model.model.blocks.2.attn.qkv.lora_B.weight', 'base_model.model.blocks.3.attn.qkv.lora_A.weight', 'base_model.model.blocks.3.attn.qkv.lora_B.weight', 'base_model.model.blocks.4.attn.qkv.lora_A.weight', 'base_model.model.blocks.4.attn.qkv.lora_B.weight', 'base_model.model.blocks.5.attn.qkv.lora_A.weight', 'base_model.model.blocks.5.attn.qkv.lora_B.weight', 'base_model.model.blocks.6.attn.qkv.lora_A.weight', 'base_model.model.blocks.6.attn.qkv.lora_B.weight', 'base_model.model.blocks.7.attn.qkv.lora_A.weight', 'base_model.model.blocks.7.attn.qkv.lora_B.weight', 'base_model.model.blocks.8.attn.qkv.lora_A.weight', 'base_model.model.blocks.8.attn.qkv.lora_B.weight', 'base_model.model.blocks.9.attn.qkv.lora_A.weight', 'base_model.model.blocks.9.attn.qkv.lora_B.weight', 'base_model.model.blocks.10.attn.qkv.lora_A.weight', 'base_model.model.blocks.10.attn.qkv.lora_B.weight', 'base_model.model.blocks.11.attn.qkv.lora_A.weight', 'base_model.model.blocks.11.attn.qkv.lora_B.weight'])

Training LoRA adapter for domain: cartoon

Training LoRA adapter for domain: cartoon
Created LoRA model: <class 'peft.peft_model.PeftModel'>
Epoch 1/10, Train Loss: 2.6305, Train Accuracy: 7.14%
Val Loss: 2.0953, Val Accuracy: 28.57%
Epoch 2/10, Train Loss: 2.5277, Train Accuracy: 7.14%
Val Loss: 2.0542, Val Accuracy: 28.57%
Epoch 3/10, Train Loss: 2.4690, Train Accuracy: 3.57%
Val Loss: 2.0359, Val Accuracy: 28.57%
Epoch 4/10, Train Loss: 2.4032, Train Accuracy: 7.14%
Val Loss: 2.0294, Val Accuracy: 28.57%
Epoch 5/10, Train Loss: 2.3345, Train Accuracy: 7.14%
Val Loss: 2.0307, Val Accuracy: 28.57%
Epoch 6/10, Train Loss: 2.2612, Train Accuracy: 7.14%
Val Loss: 2.0400, Val Accuracy: 28.57%
Epoch 7/10, Train Loss: 2.1805, Train Accuracy: 10.71%
Val Loss: 2.0554, Val Accuracy: 28.57%
Epoch 8/10, Train Loss: 2.0982, Train Accuracy: 14.29%
Val Loss: 2.0744, Val Accuracy: 14.29%
Epoch 9/10, Train Loss: 2.0179, Train Accuracy: 14.29%
Val Loss: 2.0962, Val Accuracy: 14.29%
Epoch 10/10, Train Loss: 1.9425, Train Accuracy: 21.43%
Val Loss: 2.1145, Val Accuracy: 14.29%
Best validation accuracy for cartoon: 28.57%
LoRA state keys: dict_keys(['base_model.model.blocks.0.attn.qkv.lora_A.weight', 'base_model.model.blocks.0.attn.qkv.lora_B.weight', 'base_model.model.blocks.1.attn.qkv.lora_A.weight', 'base_model.model.blocks.1.attn.qkv.lora_B.weight', 'base_model.model.blocks.2.attn.qkv.lora_A.weight', 'base_model.model.blocks.2.attn.qkv.lora_B.weight', 'base_model.model.blocks.3.attn.qkv.lora_A.weight', 'base_model.model.blocks.3.attn.qkv.lora_B.weight', 'base_model.model.blocks.4.attn.qkv.lora_A.weight', 'base_model.model.blocks.4.attn.qkv.lora_B.weight', 'base_model.model.blocks.5.attn.qkv.lora_A.weight', 'base_model.model.blocks.5.attn.qkv.lora_B.weight', 'base_model.model.blocks.6.attn.qkv.lora_A.weight', 'base_model.model.blocks.6.attn.qkv.lora_B.weight', 'base_model.model.blocks.7.attn.qkv.lora_A.weight', 'base_model.model.blocks.7.attn.qkv.lora_B.weight', 'base_model.model.blocks.8.attn.qkv.lora_A.weight', 'base_model.model.blocks.8.attn.qkv.lora_B.weight', 'base_model.model.blocks.9.attn.qkv.lora_A.weight', 'base_model.model.blocks.9.attn.qkv.lora_B.weight', 'base_model.model.blocks.10.attn.qkv.lora_A.weight', 'base_model.model.blocks.10.attn.qkv.lora_B.weight', 'base_model.model.blocks.11.attn.qkv.lora_A.weight', 'base_model.model.blocks.11.attn.qkv.lora_B.weight'])
cartoon adapter trained. Validation Accuracy: 28.57%
LoRA state keys: dict_keys(['base_model.model.blocks.0.attn.qkv.lora_A.weight', 'base_model.model.blocks.0.attn.qkv.lora_B.weight', 'base_model.model.blocks.1.attn.qkv.lora_A.weight', 'base_model.model.blocks.1.attn.qkv.lora_B.weight', 'base_model.model.blocks.2.attn.qkv.lora_A.weight', 'base_model.model.blocks.2.attn.qkv.lora_B.weight', 'base_model.model.blocks.3.attn.qkv.lora_A.weight', 'base_model.model.blocks.3.attn.qkv.lora_B.weight', 'base_model.model.blocks.4.attn.qkv.lora_A.weight', 'base_model.model.blocks.4.attn.qkv.lora_B.weight', 'base_model.model.blocks.5.attn.qkv.lora_A.weight', 'base_model.model.blocks.5.attn.qkv.lora_B.weight', 'base_model.model.blocks.6.attn.qkv.lora_A.weight', 'base_model.model.blocks.6.attn.qkv.lora_B.weight', 'base_model.model.blocks.7.attn.qkv.lora_A.weight', 'base_model.model.blocks.7.attn.qkv.lora_B.weight', 'base_model.model.blocks.8.attn.qkv.lora_A.weight', 'base_model.model.blocks.8.attn.qkv.lora_B.weight', 'base_model.model.blocks.9.attn.qkv.lora_A.weight', 'base_model.model.blocks.9.attn.qkv.lora_B.weight', 'base_model.model.blocks.10.attn.qkv.lora_A.weight', 'base_model.model.blocks.10.attn.qkv.lora_B.weight', 'base_model.model.blocks.11.attn.qkv.lora_A.weight', 'base_model.model.blocks.11.attn.qkv.lora_B.weight'])

Training LoRA adapter for domain: art_painting

Training LoRA adapter for domain: art_painting
Created LoRA model: <class 'peft.peft_model.PeftModel'>
Epoch 1/10, Train Loss: 2.3176, Train Accuracy: 14.29%
Val Loss: 2.0843, Val Accuracy: 28.57%
Epoch 2/10, Train Loss: 2.2144, Train Accuracy: 17.86%
Val Loss: 2.0851, Val Accuracy: 28.57%
Epoch 3/10, Train Loss: 2.1329, Train Accuracy: 17.86%
Val Loss: 2.0854, Val Accuracy: 28.57%
Epoch 4/10, Train Loss: 2.0513, Train Accuracy: 17.86%
Val Loss: 2.0865, Val Accuracy: 28.57%
Epoch 5/10, Train Loss: 1.9688, Train Accuracy: 17.86%
Val Loss: 2.0884, Val Accuracy: 28.57%
Epoch 6/10, Train Loss: 1.8856, Train Accuracy: 25.00%
Val Loss: 2.0911, Val Accuracy: 28.57%
Epoch 7/10, Train Loss: 1.8013, Train Accuracy: 28.57%
Val Loss: 2.0947, Val Accuracy: 28.57%
Epoch 8/10, Train Loss: 1.7186, Train Accuracy: 32.14%
Val Loss: 2.0991, Val Accuracy: 28.57%
Epoch 9/10, Train Loss: 1.6339, Train Accuracy: 32.14%
Val Loss: 2.1045, Val Accuracy: 28.57%
Epoch 10/10, Train Loss: 1.5524, Train Accuracy: 39.29%
Val Loss: 2.1104, Val Accuracy: 14.29%
Best validation accuracy for art_painting: 28.57%
LoRA state keys: dict_keys(['base_model.model.blocks.0.attn.qkv.lora_A.weight', 'base_model.model.blocks.0.attn.qkv.lora_B.weight', 'base_model.model.blocks.1.attn.qkv.lora_A.weight', 'base_model.model.blocks.1.attn.qkv.lora_B.weight', 'base_model.model.blocks.2.attn.qkv.lora_A.weight', 'base_model.model.blocks.2.attn.qkv.lora_B.weight', 'base_model.model.blocks.3.attn.qkv.lora_A.weight', 'base_model.model.blocks.3.attn.qkv.lora_B.weight', 'base_model.model.blocks.4.attn.qkv.lora_A.weight', 'base_model.model.blocks.4.attn.qkv.lora_B.weight', 'base_model.model.blocks.5.attn.qkv.lora_A.weight', 'base_model.model.blocks.5.attn.qkv.lora_B.weight', 'base_model.model.blocks.6.attn.qkv.lora_A.weight', 'base_model.model.blocks.6.attn.qkv.lora_B.weight', 'base_model.model.blocks.7.attn.qkv.lora_A.weight', 'base_model.model.blocks.7.attn.qkv.lora_B.weight', 'base_model.model.blocks.8.attn.qkv.lora_A.weight', 'base_model.model.blocks.8.attn.qkv.lora_B.weight', 'base_model.model.blocks.9.attn.qkv.lora_A.weight', 'base_model.model.blocks.9.attn.qkv.lora_B.weight', 'base_model.model.blocks.10.attn.qkv.lora_A.weight', 'base_model.model.blocks.10.attn.qkv.lora_B.weight', 'base_model.model.blocks.11.attn.qkv.lora_A.weight', 'base_model.model.blocks.11.attn.qkv.lora_B.weight'])
art_painting adapter trained. Validation Accuracy: 28.57%
LoRA state keys: dict_keys(['base_model.model.blocks.0.attn.qkv.lora_A.weight', 'base_model.model.blocks.0.attn.qkv.lora_B.weight', 'base_model.model.blocks.1.attn.qkv.lora_A.weight', 'base_model.model.blocks.1.attn.qkv.lora_B.weight', 'base_model.model.blocks.2.attn.qkv.lora_A.weight', 'base_model.model.blocks.2.attn.qkv.lora_B.weight', 'base_model.model.blocks.3.attn.qkv.lora_A.weight', 'base_model.model.blocks.3.attn.qkv.lora_B.weight', 'base_model.model.blocks.4.attn.qkv.lora_A.weight', 'base_model.model.blocks.4.attn.qkv.lora_B.weight', 'base_model.model.blocks.5.attn.qkv.lora_A.weight', 'base_model.model.blocks.5.attn.qkv.lora_B.weight', 'base_model.model.blocks.6.attn.qkv.lora_A.weight', 'base_model.model.blocks.6.attn.qkv.lora_B.weight', 'base_model.model.blocks.7.attn.qkv.lora_A.weight', 'base_model.model.blocks.7.attn.qkv.lora_B.weight', 'base_model.model.blocks.8.attn.qkv.lora_A.weight', 'base_model.model.blocks.8.attn.qkv.lora_B.weight', 'base_model.model.blocks.9.attn.qkv.lora_A.weight', 'base_model.model.blocks.9.attn.qkv.lora_B.weight', 'base_model.model.blocks.10.attn.qkv.lora_A.weight', 'base_model.model.blocks.10.attn.qkv.lora_B.weight', 'base_model.model.blocks.11.attn.qkv.lora_A.weight', 'base_model.model.blocks.11.attn.qkv.lora_B.weight'])

Number of trained LoRA adapters: 3

Evaluating individual LoRA adapters on the test domain:
Created LoRA model: <class 'peft.peft_model.PeftModel'>
sketch adapter - Test Loss: 2.0792, Test Accuracy: 21.88%
Created LoRA model: <class 'peft.peft_model.PeftModel'>
cartoon adapter - Test Loss: 2.0703, Test Accuracy: 21.88%
Created LoRA model: <class 'peft.peft_model.PeftModel'>
art_painting adapter - Test Loss: 2.0471, Test Accuracy: 25.00%

Training coefficients for adapter merging
Created LoRA model: <class 'peft.peft_model.PeftModel'>
Created LoRA model: <class 'peft.peft_model.PeftModel'>
Created LoRA model: <class 'peft.peft_model.PeftModel'>
Coefficient gradients: tensor([-8.5023e-11, -8.5023e-11, -8.5023e-11], device='cuda:0')
Epoch 1, Loss: 1.6151, Accuracy: 33.33%
Coefficients: [0.33333334 0.33333334 0.33333334]
Coefficient gradients: tensor([2.3985e-09, 2.3985e-09, 2.3985e-09], device='cuda:0')
Epoch 2, Loss: 1.6151, Accuracy: 33.33%
Coefficients: [0.33333334 0.33333334 0.33333334]
Coefficient gradients: tensor([2.3985e-09, 2.3985e-09, 2.3985e-09], device='cuda:0')
Epoch 3, Loss: 1.6151, Accuracy: 33.33%
Coefficients: [0.33333334 0.33333334 0.33333334]
Coefficient gradients: tensor([2.3985e-09, 2.3985e-09, 2.3985e-09], device='cuda:0')
Epoch 4, Loss: 1.6151, Accuracy: 33.33%
Coefficients: [0.33333334 0.33333334 0.33333334]
Coefficient gradients: tensor([2.3985e-09, 2.3985e-09, 2.3985e-09], device='cuda:0')
Epoch 5, Loss: 1.6151, Accuracy: 33.33%
Coefficients: [0.33333334 0.33333334 0.33333334]
Coefficient gradients: tensor([2.3985e-09, 2.3985e-09, 2.3985e-09], device='cuda:0')
Epoch 6, Loss: 1.6151, Accuracy: 33.33%
Coefficients: [0.33333334 0.33333334 0.33333334]
Coefficient gradients: tensor([-8.5023e-11, -8.5023e-11, -8.5023e-11], device='cuda:0')
Epoch 7, Loss: 1.6151, Accuracy: 33.33%
Coefficients: [0.33333334 0.33333334 0.33333334]
Coefficient gradients: tensor([2.3985e-09, 2.3985e-09, 2.3985e-09], device='cuda:0')
Epoch 8, Loss: 1.6151, Accuracy: 33.33%
Coefficients: [0.33333334 0.33333334 0.33333334]
Coefficient gradients: tensor([-8.5023e-11, -8.5023e-11, -8.5023e-11], device='cuda:0')
Epoch 9, Loss: 1.6151, Accuracy: 33.33%
Coefficients: [0.33333334 0.33333334 0.33333334]
Coefficient gradients: tensor([2.3985e-09, 2.3985e-09, 2.3985e-09], device='cuda:0')
Epoch 10, Loss: 1.6151, Accuracy: 33.33%
Coefficients: [0.33333334 0.33333334 0.33333334]
Best coefficient accuracy: 33.33%
Final best coefficients: [0.33333334 0.33333334 0.33333334]

Merged model with TIES - Test Loss: 1.9050, Test Accuracy: 21.88%

--- Run 2/3 ---

Running LoRA with TIES experiment
Test domain: photo
Train domains: ['sketch', 'cartoon', 'art_painting']
Baseline Epoch 1/10, Train Loss: 1.6114, Train Accuracy: 33.33%
Val Loss: 2.0903, Val Accuracy: 21.88%
Baseline Epoch 2/10, Train Loss: 0.5912, Train Accuracy: 100.00%
Val Loss: 2.1012, Val Accuracy: 18.75%
Baseline Epoch 3/10, Train Loss: 0.2126, Train Accuracy: 100.00%
Val Loss: 2.1251, Val Accuracy: 18.75%
Baseline Epoch 4/10, Train Loss: 0.0845, Train Accuracy: 100.00%
Val Loss: 2.1553, Val Accuracy: 18.75%
Baseline Epoch 5/10, Train Loss: 0.0349, Train Accuracy: 100.00%
Val Loss: 2.1845, Val Accuracy: 18.75%
Baseline Epoch 6/10, Train Loss: 0.0149, Train Accuracy: 100.00%
Val Loss: 2.2153, Val Accuracy: 18.75%
Baseline Epoch 7/10, Train Loss: 0.0066, Train Accuracy: 100.00%
Val Loss: 2.2459, Val Accuracy: 21.88%
Baseline Epoch 8/10, Train Loss: 0.0031, Train Accuracy: 100.00%
Val Loss: 2.2775, Val Accuracy: 18.75%
Baseline Epoch 9/10, Train Loss: 0.0016, Train Accuracy: 100.00%
Val Loss: 2.3047, Val Accuracy: 18.75%
Baseline Epoch 10/10, Train Loss: 0.0009, Train Accuracy: 100.00%
Val Loss: 2.3291, Val Accuracy: 18.75%
Baseline Model - Final Test Accuracy: 18.75%

Training LoRA adapter for domain: sketch

Training LoRA adapter for domain: sketch
Created LoRA model: <class 'peft.peft_model.PeftModel'>
Epoch 1/10, Train Loss: 2.2214, Train Accuracy: 28.57%
Val Loss: 2.2491, Val Accuracy: 14.29%
Epoch 2/10, Train Loss: 2.1428, Train Accuracy: 25.00%
Val Loss: 2.1708, Val Accuracy: 14.29%
Epoch 3/10, Train Loss: 2.0639, Train Accuracy: 25.00%
Val Loss: 2.0980, Val Accuracy: 14.29%
Epoch 4/10, Train Loss: 1.9832, Train Accuracy: 25.00%
Val Loss: 2.0321, Val Accuracy: 14.29%
Epoch 5/10, Train Loss: 1.9034, Train Accuracy: 25.00%
Val Loss: 1.9697, Val Accuracy: 14.29%
Epoch 6/10, Train Loss: 1.8286, Train Accuracy: 25.00%
Val Loss: 1.9085, Val Accuracy: 14.29%
Epoch 7/10, Train Loss: 1.7585, Train Accuracy: 28.57%
Val Loss: 1.8541, Val Accuracy: 14.29%
Epoch 8/10, Train Loss: 1.6981, Train Accuracy: 35.71%
Val Loss: 1.8083, Val Accuracy: 14.29%
Epoch 9/10, Train Loss: 1.6420, Train Accuracy: 46.43%
Val Loss: 1.7691, Val Accuracy: 28.57%
Epoch 10/10, Train Loss: 1.5835, Train Accuracy: 53.57%
Val Loss: 1.7362, Val Accuracy: 28.57%
Best validation accuracy for sketch: 28.57%
LoRA state keys: dict_keys(['base_model.model.blocks.0.attn.qkv.lora_A.weight', 'base_model.model.blocks.0.attn.qkv.lora_B.weight', 'base_model.model.blocks.1.attn.qkv.lora_A.weight', 'base_model.model.blocks.1.attn.qkv.lora_B.weight', 'base_model.model.blocks.2.attn.qkv.lora_A.weight', 'base_model.model.blocks.2.attn.qkv.lora_B.weight', 'base_model.model.blocks.3.attn.qkv.lora_A.weight', 'base_model.model.blocks.3.attn.qkv.lora_B.weight', 'base_model.model.blocks.4.attn.qkv.lora_A.weight', 'base_model.model.blocks.4.attn.qkv.lora_B.weight', 'base_model.model.blocks.5.attn.qkv.lora_A.weight', 'base_model.model.blocks.5.attn.qkv.lora_B.weight', 'base_model.model.blocks.6.attn.qkv.lora_A.weight', 'base_model.model.blocks.6.attn.qkv.lora_B.weight', 'base_model.model.blocks.7.attn.qkv.lora_A.weight', 'base_model.model.blocks.7.attn.qkv.lora_B.weight', 'base_model.model.blocks.8.attn.qkv.lora_A.weight', 'base_model.model.blocks.8.attn.qkv.lora_B.weight', 'base_model.model.blocks.9.attn.qkv.lora_A.weight', 'base_model.model.blocks.9.attn.qkv.lora_B.weight', 'base_model.model.blocks.10.attn.qkv.lora_A.weight', 'base_model.model.blocks.10.attn.qkv.lora_B.weight', 'base_model.model.blocks.11.attn.qkv.lora_A.weight', 'base_model.model.blocks.11.attn.qkv.lora_B.weight'])
sketch adapter trained. Validation Accuracy: 28.57%
LoRA state keys: dict_keys(['base_model.model.blocks.0.attn.qkv.lora_A.weight', 'base_model.model.blocks.0.attn.qkv.lora_B.weight', 'base_model.model.blocks.1.attn.qkv.lora_A.weight', 'base_model.model.blocks.1.attn.qkv.lora_B.weight', 'base_model.model.blocks.2.attn.qkv.lora_A.weight', 'base_model.model.blocks.2.attn.qkv.lora_B.weight', 'base_model.model.blocks.3.attn.qkv.lora_A.weight', 'base_model.model.blocks.3.attn.qkv.lora_B.weight', 'base_model.model.blocks.4.attn.qkv.lora_A.weight', 'base_model.model.blocks.4.attn.qkv.lora_B.weight', 'base_model.model.blocks.5.attn.qkv.lora_A.weight', 'base_model.model.blocks.5.attn.qkv.lora_B.weight', 'base_model.model.blocks.6.attn.qkv.lora_A.weight', 'base_model.model.blocks.6.attn.qkv.lora_B.weight', 'base_model.model.blocks.7.attn.qkv.lora_A.weight', 'base_model.model.blocks.7.attn.qkv.lora_B.weight', 'base_model.model.blocks.8.attn.qkv.lora_A.weight', 'base_model.model.blocks.8.attn.qkv.lora_B.weight', 'base_model.model.blocks.9.attn.qkv.lora_A.weight', 'base_model.model.blocks.9.attn.qkv.lora_B.weight', 'base_model.model.blocks.10.attn.qkv.lora_A.weight', 'base_model.model.blocks.10.attn.qkv.lora_B.weight', 'base_model.model.blocks.11.attn.qkv.lora_A.weight', 'base_model.model.blocks.11.attn.qkv.lora_B.weight'])

Training LoRA adapter for domain: cartoon

Training LoRA adapter for domain: cartoon
Created LoRA model: <class 'peft.peft_model.PeftModel'>
Epoch 1/10, Train Loss: 2.6305, Train Accuracy: 7.14%
Val Loss: 2.0953, Val Accuracy: 28.57%
Epoch 2/10, Train Loss: 2.5277, Train Accuracy: 7.14%
Val Loss: 2.0542, Val Accuracy: 28.57%
Epoch 3/10, Train Loss: 2.4690, Train Accuracy: 3.57%
Val Loss: 2.0359, Val Accuracy: 28.57%
Epoch 4/10, Train Loss: 2.4032, Train Accuracy: 7.14%
Val Loss: 2.0294, Val Accuracy: 28.57%
Epoch 5/10, Train Loss: 2.3345, Train Accuracy: 7.14%
Val Loss: 2.0307, Val Accuracy: 28.57%
Epoch 6/10, Train Loss: 2.2612, Train Accuracy: 7.14%
Val Loss: 2.0400, Val Accuracy: 28.57%
Epoch 7/10, Train Loss: 2.1805, Train Accuracy: 10.71%
Val Loss: 2.0554, Val Accuracy: 28.57%
Epoch 8/10, Train Loss: 2.0982, Train Accuracy: 14.29%
Val Loss: 2.0744, Val Accuracy: 14.29%
Epoch 9/10, Train Loss: 2.0179, Train Accuracy: 14.29%
Val Loss: 2.0962, Val Accuracy: 14.29%
Epoch 10/10, Train Loss: 1.9425, Train Accuracy: 21.43%
Val Loss: 2.1145, Val Accuracy: 14.29%
Best validation accuracy for cartoon: 28.57%
LoRA state keys: dict_keys(['base_model.model.blocks.0.attn.qkv.lora_A.weight', 'base_model.model.blocks.0.attn.qkv.lora_B.weight', 'base_model.model.blocks.1.attn.qkv.lora_A.weight', 'base_model.model.blocks.1.attn.qkv.lora_B.weight', 'base_model.model.blocks.2.attn.qkv.lora_A.weight', 'base_model.model.blocks.2.attn.qkv.lora_B.weight', 'base_model.model.blocks.3.attn.qkv.lora_A.weight', 'base_model.model.blocks.3.attn.qkv.lora_B.weight', 'base_model.model.blocks.4.attn.qkv.lora_A.weight', 'base_model.model.blocks.4.attn.qkv.lora_B.weight', 'base_model.model.blocks.5.attn.qkv.lora_A.weight', 'base_model.model.blocks.5.attn.qkv.lora_B.weight', 'base_model.model.blocks.6.attn.qkv.lora_A.weight', 'base_model.model.blocks.6.attn.qkv.lora_B.weight', 'base_model.model.blocks.7.attn.qkv.lora_A.weight', 'base_model.model.blocks.7.attn.qkv.lora_B.weight', 'base_model.model.blocks.8.attn.qkv.lora_A.weight', 'base_model.model.blocks.8.attn.qkv.lora_B.weight', 'base_model.model.blocks.9.attn.qkv.lora_A.weight', 'base_model.model.blocks.9.attn.qkv.lora_B.weight', 'base_model.model.blocks.10.attn.qkv.lora_A.weight', 'base_model.model.blocks.10.attn.qkv.lora_B.weight', 'base_model.model.blocks.11.attn.qkv.lora_A.weight', 'base_model.model.blocks.11.attn.qkv.lora_B.weight'])
cartoon adapter trained. Validation Accuracy: 28.57%
LoRA state keys: dict_keys(['base_model.model.blocks.0.attn.qkv.lora_A.weight', 'base_model.model.blocks.0.attn.qkv.lora_B.weight', 'base_model.model.blocks.1.attn.qkv.lora_A.weight', 'base_model.model.blocks.1.attn.qkv.lora_B.weight', 'base_model.model.blocks.2.attn.qkv.lora_A.weight', 'base_model.model.blocks.2.attn.qkv.lora_B.weight', 'base_model.model.blocks.3.attn.qkv.lora_A.weight', 'base_model.model.blocks.3.attn.qkv.lora_B.weight', 'base_model.model.blocks.4.attn.qkv.lora_A.weight', 'base_model.model.blocks.4.attn.qkv.lora_B.weight', 'base_model.model.blocks.5.attn.qkv.lora_A.weight', 'base_model.model.blocks.5.attn.qkv.lora_B.weight', 'base_model.model.blocks.6.attn.qkv.lora_A.weight', 'base_model.model.blocks.6.attn.qkv.lora_B.weight', 'base_model.model.blocks.7.attn.qkv.lora_A.weight', 'base_model.model.blocks.7.attn.qkv.lora_B.weight', 'base_model.model.blocks.8.attn.qkv.lora_A.weight', 'base_model.model.blocks.8.attn.qkv.lora_B.weight', 'base_model.model.blocks.9.attn.qkv.lora_A.weight', 'base_model.model.blocks.9.attn.qkv.lora_B.weight', 'base_model.model.blocks.10.attn.qkv.lora_A.weight', 'base_model.model.blocks.10.attn.qkv.lora_B.weight', 'base_model.model.blocks.11.attn.qkv.lora_A.weight', 'base_model.model.blocks.11.attn.qkv.lora_B.weight'])

Training LoRA adapter for domain: art_painting

Training LoRA adapter for domain: art_painting
Created LoRA model: <class 'peft.peft_model.PeftModel'>
Epoch 1/10, Train Loss: 2.3176, Train Accuracy: 14.29%
Val Loss: 2.0843, Val Accuracy: 28.57%
Epoch 2/10, Train Loss: 2.2144, Train Accuracy: 17.86%
Val Loss: 2.0851, Val Accuracy: 28.57%
Epoch 3/10, Train Loss: 2.1329, Train Accuracy: 17.86%
Val Loss: 2.0854, Val Accuracy: 28.57%
Epoch 4/10, Train Loss: 2.0513, Train Accuracy: 17.86%
Val Loss: 2.0865, Val Accuracy: 28.57%
Epoch 5/10, Train Loss: 1.9688, Train Accuracy: 17.86%
Val Loss: 2.0884, Val Accuracy: 28.57%
Epoch 6/10, Train Loss: 1.8856, Train Accuracy: 25.00%
Val Loss: 2.0911, Val Accuracy: 28.57%
Epoch 7/10, Train Loss: 1.8013, Train Accuracy: 28.57%
Val Loss: 2.0947, Val Accuracy: 28.57%
Epoch 8/10, Train Loss: 1.7186, Train Accuracy: 32.14%
Val Loss: 2.0991, Val Accuracy: 28.57%
Epoch 9/10, Train Loss: 1.6339, Train Accuracy: 32.14%
Val Loss: 2.1045, Val Accuracy: 28.57%
Epoch 10/10, Train Loss: 1.5524, Train Accuracy: 39.29%
Val Loss: 2.1104, Val Accuracy: 14.29%
Best validation accuracy for art_painting: 28.57%
LoRA state keys: dict_keys(['base_model.model.blocks.0.attn.qkv.lora_A.weight', 'base_model.model.blocks.0.attn.qkv.lora_B.weight', 'base_model.model.blocks.1.attn.qkv.lora_A.weight', 'base_model.model.blocks.1.attn.qkv.lora_B.weight', 'base_model.model.blocks.2.attn.qkv.lora_A.weight', 'base_model.model.blocks.2.attn.qkv.lora_B.weight', 'base_model.model.blocks.3.attn.qkv.lora_A.weight', 'base_model.model.blocks.3.attn.qkv.lora_B.weight', 'base_model.model.blocks.4.attn.qkv.lora_A.weight', 'base_model.model.blocks.4.attn.qkv.lora_B.weight', 'base_model.model.blocks.5.attn.qkv.lora_A.weight', 'base_model.model.blocks.5.attn.qkv.lora_B.weight', 'base_model.model.blocks.6.attn.qkv.lora_A.weight', 'base_model.model.blocks.6.attn.qkv.lora_B.weight', 'base_model.model.blocks.7.attn.qkv.lora_A.weight', 'base_model.model.blocks.7.attn.qkv.lora_B.weight', 'base_model.model.blocks.8.attn.qkv.lora_A.weight', 'base_model.model.blocks.8.attn.qkv.lora_B.weight', 'base_model.model.blocks.9.attn.qkv.lora_A.weight', 'base_model.model.blocks.9.attn.qkv.lora_B.weight', 'base_model.model.blocks.10.attn.qkv.lora_A.weight', 'base_model.model.blocks.10.attn.qkv.lora_B.weight', 'base_model.model.blocks.11.attn.qkv.lora_A.weight', 'base_model.model.blocks.11.attn.qkv.lora_B.weight'])
art_painting adapter trained. Validation Accuracy: 28.57%
LoRA state keys: dict_keys(['base_model.model.blocks.0.attn.qkv.lora_A.weight', 'base_model.model.blocks.0.attn.qkv.lora_B.weight', 'base_model.model.blocks.1.attn.qkv.lora_A.weight', 'base_model.model.blocks.1.attn.qkv.lora_B.weight', 'base_model.model.blocks.2.attn.qkv.lora_A.weight', 'base_model.model.blocks.2.attn.qkv.lora_B.weight', 'base_model.model.blocks.3.attn.qkv.lora_A.weight', 'base_model.model.blocks.3.attn.qkv.lora_B.weight', 'base_model.model.blocks.4.attn.qkv.lora_A.weight', 'base_model.model.blocks.4.attn.qkv.lora_B.weight', 'base_model.model.blocks.5.attn.qkv.lora_A.weight', 'base_model.model.blocks.5.attn.qkv.lora_B.weight', 'base_model.model.blocks.6.attn.qkv.lora_A.weight', 'base_model.model.blocks.6.attn.qkv.lora_B.weight', 'base_model.model.blocks.7.attn.qkv.lora_A.weight', 'base_model.model.blocks.7.attn.qkv.lora_B.weight', 'base_model.model.blocks.8.attn.qkv.lora_A.weight', 'base_model.model.blocks.8.attn.qkv.lora_B.weight', 'base_model.model.blocks.9.attn.qkv.lora_A.weight', 'base_model.model.blocks.9.attn.qkv.lora_B.weight', 'base_model.model.blocks.10.attn.qkv.lora_A.weight', 'base_model.model.blocks.10.attn.qkv.lora_B.weight', 'base_model.model.blocks.11.attn.qkv.lora_A.weight', 'base_model.model.blocks.11.attn.qkv.lora_B.weight'])

Number of trained LoRA adapters: 3

Evaluating individual LoRA adapters on the test domain:
Created LoRA model: <class 'peft.peft_model.PeftModel'>
sketch adapter - Test Loss: 2.0792, Test Accuracy: 21.88%
Created LoRA model: <class 'peft.peft_model.PeftModel'>
cartoon adapter - Test Loss: 2.0703, Test Accuracy: 21.88%
Created LoRA model: <class 'peft.peft_model.PeftModel'>
art_painting adapter - Test Loss: 2.0471, Test Accuracy: 25.00%

Training coefficients for adapter merging
Created LoRA model: <class 'peft.peft_model.PeftModel'>
Created LoRA model: <class 'peft.peft_model.PeftModel'>
Created LoRA model: <class 'peft.peft_model.PeftModel'>
Coefficient gradients: tensor([2.3985e-09, 2.3985e-09, 2.3985e-09], device='cuda:0')
Epoch 1, Loss: 1.6151, Accuracy: 33.33%
Coefficients: [0.33333334 0.33333334 0.33333334]
Coefficient gradients: tensor([2.3985e-09, 2.3985e-09, 2.3985e-09], device='cuda:0')
Epoch 2, Loss: 1.6151, Accuracy: 33.33%
Coefficients: [0.33333334 0.33333334 0.33333334]
Coefficient gradients: tensor([2.3985e-09, 2.3985e-09, 2.3985e-09], device='cuda:0')
Epoch 3, Loss: 1.6151, Accuracy: 33.33%
Coefficients: [0.33333334 0.33333334 0.33333334]
Coefficient gradients: tensor([2.3985e-09, 2.3985e-09, 2.3985e-09], device='cuda:0')
Epoch 4, Loss: 1.6151, Accuracy: 33.33%
Coefficients: [0.33333334 0.33333334 0.33333334]
Coefficient gradients: tensor([2.3985e-09, 2.3985e-09, 2.3985e-09], device='cuda:0')
Epoch 5, Loss: 1.6151, Accuracy: 33.33%
Coefficients: [0.33333334 0.33333334 0.33333334]
Coefficient gradients: tensor([2.3985e-09, 2.3985e-09, 2.3985e-09], device='cuda:0')
Epoch 6, Loss: 1.6151, Accuracy: 33.33%
Coefficients: [0.33333334 0.33333334 0.33333334]
Coefficient gradients: tensor([2.3985e-09, 2.3985e-09, 2.3985e-09], device='cuda:0')
Epoch 7, Loss: 1.6151, Accuracy: 33.33%
Coefficients: [0.33333334 0.33333334 0.33333334]
Coefficient gradients: tensor([2.3985e-09, 2.3985e-09, 2.3985e-09], device='cuda:0')
Epoch 8, Loss: 1.6151, Accuracy: 33.33%
Coefficients: [0.33333334 0.33333334 0.33333334]
Coefficient gradients: tensor([2.3985e-09, 2.3985e-09, 2.3985e-09], device='cuda:0')
Epoch 9, Loss: 1.6151, Accuracy: 33.33%
Coefficients: [0.33333334 0.33333334 0.33333334]
Coefficient gradients: tensor([2.3985e-09, 2.3985e-09, 2.3985e-09], device='cuda:0')
Epoch 10, Loss: 1.6151, Accuracy: 33.33%
Coefficients: [0.33333334 0.33333334 0.33333334]
Best coefficient accuracy: 33.33%
Final best coefficients: [0.33333334 0.33333334 0.33333334]

Merged model with TIES - Test Loss: 1.9050, Test Accuracy: 21.88%

--- Run 3/3 ---

Running LoRA with TIES experiment
Test domain: photo
Train domains: ['sketch', 'cartoon', 'art_painting']
Baseline Epoch 1/10, Train Loss: 1.6114, Train Accuracy: 33.33%
Val Loss: 2.0903, Val Accuracy: 21.88%
Baseline Epoch 2/10, Train Loss: 0.5912, Train Accuracy: 100.00%
Val Loss: 2.1012, Val Accuracy: 18.75%
Baseline Epoch 3/10, Train Loss: 0.2126, Train Accuracy: 100.00%
Val Loss: 2.1251, Val Accuracy: 18.75%
Baseline Epoch 4/10, Train Loss: 0.0845, Train Accuracy: 100.00%
Val Loss: 2.1553, Val Accuracy: 18.75%
Baseline Epoch 5/10, Train Loss: 0.0349, Train Accuracy: 100.00%
Val Loss: 2.1845, Val Accuracy: 18.75%
Baseline Epoch 6/10, Train Loss: 0.0149, Train Accuracy: 100.00%
Val Loss: 2.2153, Val Accuracy: 18.75%
Baseline Epoch 7/10, Train Loss: 0.0066, Train Accuracy: 100.00%
Val Loss: 2.2459, Val Accuracy: 21.88%
Baseline Epoch 8/10, Train Loss: 0.0031, Train Accuracy: 100.00%
Val Loss: 2.2775, Val Accuracy: 18.75%
Baseline Epoch 9/10, Train Loss: 0.0016, Train Accuracy: 100.00%
Val Loss: 2.3047, Val Accuracy: 18.75%
Baseline Epoch 10/10, Train Loss: 0.0009, Train Accuracy: 100.00%
Val Loss: 2.3291, Val Accuracy: 18.75%
Baseline Model - Final Test Accuracy: 18.75%

Training LoRA adapter for domain: sketch

Training LoRA adapter for domain: sketch
Created LoRA model: <class 'peft.peft_model.PeftModel'>
Epoch 1/10, Train Loss: 2.2214, Train Accuracy: 28.57%
Val Loss: 2.2491, Val Accuracy: 14.29%
Epoch 2/10, Train Loss: 2.1428, Train Accuracy: 25.00%
Val Loss: 2.1708, Val Accuracy: 14.29%
Epoch 3/10, Train Loss: 2.0639, Train Accuracy: 25.00%
Val Loss: 2.0980, Val Accuracy: 14.29%
Epoch 4/10, Train Loss: 1.9832, Train Accuracy: 25.00%
Val Loss: 2.0321, Val Accuracy: 14.29%
Epoch 5/10, Train Loss: 1.9034, Train Accuracy: 25.00%
Val Loss: 1.9697, Val Accuracy: 14.29%
Epoch 6/10, Train Loss: 1.8286, Train Accuracy: 25.00%
Val Loss: 1.9085, Val Accuracy: 14.29%
Epoch 7/10, Train Loss: 1.7585, Train Accuracy: 28.57%
Val Loss: 1.8541, Val Accuracy: 14.29%
Epoch 8/10, Train Loss: 1.6981, Train Accuracy: 35.71%
Val Loss: 1.8083, Val Accuracy: 14.29%
Epoch 9/10, Train Loss: 1.6420, Train Accuracy: 46.43%
Val Loss: 1.7691, Val Accuracy: 28.57%
Epoch 10/10, Train Loss: 1.5835, Train Accuracy: 53.57%
Val Loss: 1.7362, Val Accuracy: 28.57%
Best validation accuracy for sketch: 28.57%
LoRA state keys: dict_keys(['base_model.model.blocks.0.attn.qkv.lora_A.weight', 'base_model.model.blocks.0.attn.qkv.lora_B.weight', 'base_model.model.blocks.1.attn.qkv.lora_A.weight', 'base_model.model.blocks.1.attn.qkv.lora_B.weight', 'base_model.model.blocks.2.attn.qkv.lora_A.weight', 'base_model.model.blocks.2.attn.qkv.lora_B.weight', 'base_model.model.blocks.3.attn.qkv.lora_A.weight', 'base_model.model.blocks.3.attn.qkv.lora_B.weight', 'base_model.model.blocks.4.attn.qkv.lora_A.weight', 'base_model.model.blocks.4.attn.qkv.lora_B.weight', 'base_model.model.blocks.5.attn.qkv.lora_A.weight', 'base_model.model.blocks.5.attn.qkv.lora_B.weight', 'base_model.model.blocks.6.attn.qkv.lora_A.weight', 'base_model.model.blocks.6.attn.qkv.lora_B.weight', 'base_model.model.blocks.7.attn.qkv.lora_A.weight', 'base_model.model.blocks.7.attn.qkv.lora_B.weight', 'base_model.model.blocks.8.attn.qkv.lora_A.weight', 'base_model.model.blocks.8.attn.qkv.lora_B.weight', 'base_model.model.blocks.9.attn.qkv.lora_A.weight', 'base_model.model.blocks.9.attn.qkv.lora_B.weight', 'base_model.model.blocks.10.attn.qkv.lora_A.weight', 'base_model.model.blocks.10.attn.qkv.lora_B.weight', 'base_model.model.blocks.11.attn.qkv.lora_A.weight', 'base_model.model.blocks.11.attn.qkv.lora_B.weight'])
sketch adapter trained. Validation Accuracy: 28.57%
LoRA state keys: dict_keys(['base_model.model.blocks.0.attn.qkv.lora_A.weight', 'base_model.model.blocks.0.attn.qkv.lora_B.weight', 'base_model.model.blocks.1.attn.qkv.lora_A.weight', 'base_model.model.blocks.1.attn.qkv.lora_B.weight', 'base_model.model.blocks.2.attn.qkv.lora_A.weight', 'base_model.model.blocks.2.attn.qkv.lora_B.weight', 'base_model.model.blocks.3.attn.qkv.lora_A.weight', 'base_model.model.blocks.3.attn.qkv.lora_B.weight', 'base_model.model.blocks.4.attn.qkv.lora_A.weight', 'base_model.model.blocks.4.attn.qkv.lora_B.weight', 'base_model.model.blocks.5.attn.qkv.lora_A.weight', 'base_model.model.blocks.5.attn.qkv.lora_B.weight', 'base_model.model.blocks.6.attn.qkv.lora_A.weight', 'base_model.model.blocks.6.attn.qkv.lora_B.weight', 'base_model.model.blocks.7.attn.qkv.lora_A.weight', 'base_model.model.blocks.7.attn.qkv.lora_B.weight', 'base_model.model.blocks.8.attn.qkv.lora_A.weight', 'base_model.model.blocks.8.attn.qkv.lora_B.weight', 'base_model.model.blocks.9.attn.qkv.lora_A.weight', 'base_model.model.blocks.9.attn.qkv.lora_B.weight', 'base_model.model.blocks.10.attn.qkv.lora_A.weight', 'base_model.model.blocks.10.attn.qkv.lora_B.weight', 'base_model.model.blocks.11.attn.qkv.lora_A.weight', 'base_model.model.blocks.11.attn.qkv.lora_B.weight'])

Training LoRA adapter for domain: cartoon

Training LoRA adapter for domain: cartoon
Created LoRA model: <class 'peft.peft_model.PeftModel'>
Epoch 1/10, Train Loss: 2.6305, Train Accuracy: 7.14%
Val Loss: 2.0953, Val Accuracy: 28.57%
Epoch 2/10, Train Loss: 2.5277, Train Accuracy: 7.14%
Val Loss: 2.0542, Val Accuracy: 28.57%
Epoch 3/10, Train Loss: 2.4690, Train Accuracy: 3.57%
Val Loss: 2.0359, Val Accuracy: 28.57%
Epoch 4/10, Train Loss: 2.4032, Train Accuracy: 7.14%
Val Loss: 2.0294, Val Accuracy: 28.57%
Epoch 5/10, Train Loss: 2.3345, Train Accuracy: 7.14%
Val Loss: 2.0307, Val Accuracy: 28.57%
Epoch 6/10, Train Loss: 2.2612, Train Accuracy: 7.14%
Val Loss: 2.0400, Val Accuracy: 28.57%
Epoch 7/10, Train Loss: 2.1805, Train Accuracy: 10.71%
Val Loss: 2.0554, Val Accuracy: 28.57%
Epoch 8/10, Train Loss: 2.0982, Train Accuracy: 14.29%
Val Loss: 2.0744, Val Accuracy: 14.29%
Epoch 9/10, Train Loss: 2.0179, Train Accuracy: 14.29%
Val Loss: 2.0962, Val Accuracy: 14.29%
Epoch 10/10, Train Loss: 1.9425, Train Accuracy: 21.43%
Val Loss: 2.1145, Val Accuracy: 14.29%
Best validation accuracy for cartoon: 28.57%
LoRA state keys: dict_keys(['base_model.model.blocks.0.attn.qkv.lora_A.weight', 'base_model.model.blocks.0.attn.qkv.lora_B.weight', 'base_model.model.blocks.1.attn.qkv.lora_A.weight', 'base_model.model.blocks.1.attn.qkv.lora_B.weight', 'base_model.model.blocks.2.attn.qkv.lora_A.weight', 'base_model.model.blocks.2.attn.qkv.lora_B.weight', 'base_model.model.blocks.3.attn.qkv.lora_A.weight', 'base_model.model.blocks.3.attn.qkv.lora_B.weight', 'base_model.model.blocks.4.attn.qkv.lora_A.weight', 'base_model.model.blocks.4.attn.qkv.lora_B.weight', 'base_model.model.blocks.5.attn.qkv.lora_A.weight', 'base_model.model.blocks.5.attn.qkv.lora_B.weight', 'base_model.model.blocks.6.attn.qkv.lora_A.weight', 'base_model.model.blocks.6.attn.qkv.lora_B.weight', 'base_model.model.blocks.7.attn.qkv.lora_A.weight', 'base_model.model.blocks.7.attn.qkv.lora_B.weight', 'base_model.model.blocks.8.attn.qkv.lora_A.weight', 'base_model.model.blocks.8.attn.qkv.lora_B.weight', 'base_model.model.blocks.9.attn.qkv.lora_A.weight', 'base_model.model.blocks.9.attn.qkv.lora_B.weight', 'base_model.model.blocks.10.attn.qkv.lora_A.weight', 'base_model.model.blocks.10.attn.qkv.lora_B.weight', 'base_model.model.blocks.11.attn.qkv.lora_A.weight', 'base_model.model.blocks.11.attn.qkv.lora_B.weight'])
cartoon adapter trained. Validation Accuracy: 28.57%
LoRA state keys: dict_keys(['base_model.model.blocks.0.attn.qkv.lora_A.weight', 'base_model.model.blocks.0.attn.qkv.lora_B.weight', 'base_model.model.blocks.1.attn.qkv.lora_A.weight', 'base_model.model.blocks.1.attn.qkv.lora_B.weight', 'base_model.model.blocks.2.attn.qkv.lora_A.weight', 'base_model.model.blocks.2.attn.qkv.lora_B.weight', 'base_model.model.blocks.3.attn.qkv.lora_A.weight', 'base_model.model.blocks.3.attn.qkv.lora_B.weight', 'base_model.model.blocks.4.attn.qkv.lora_A.weight', 'base_model.model.blocks.4.attn.qkv.lora_B.weight', 'base_model.model.blocks.5.attn.qkv.lora_A.weight', 'base_model.model.blocks.5.attn.qkv.lora_B.weight', 'base_model.model.blocks.6.attn.qkv.lora_A.weight', 'base_model.model.blocks.6.attn.qkv.lora_B.weight', 'base_model.model.blocks.7.attn.qkv.lora_A.weight', 'base_model.model.blocks.7.attn.qkv.lora_B.weight', 'base_model.model.blocks.8.attn.qkv.lora_A.weight', 'base_model.model.blocks.8.attn.qkv.lora_B.weight', 'base_model.model.blocks.9.attn.qkv.lora_A.weight', 'base_model.model.blocks.9.attn.qkv.lora_B.weight', 'base_model.model.blocks.10.attn.qkv.lora_A.weight', 'base_model.model.blocks.10.attn.qkv.lora_B.weight', 'base_model.model.blocks.11.attn.qkv.lora_A.weight', 'base_model.model.blocks.11.attn.qkv.lora_B.weight'])

Training LoRA adapter for domain: art_painting

Training LoRA adapter for domain: art_painting
Created LoRA model: <class 'peft.peft_model.PeftModel'>
Epoch 1/10, Train Loss: 2.3176, Train Accuracy: 14.29%
Val Loss: 2.0843, Val Accuracy: 28.57%
Epoch 2/10, Train Loss: 2.2144, Train Accuracy: 17.86%
Val Loss: 2.0851, Val Accuracy: 28.57%
Epoch 3/10, Train Loss: 2.1329, Train Accuracy: 17.86%
Val Loss: 2.0854, Val Accuracy: 28.57%
Epoch 4/10, Train Loss: 2.0513, Train Accuracy: 17.86%
Val Loss: 2.0865, Val Accuracy: 28.57%
Epoch 5/10, Train Loss: 1.9688, Train Accuracy: 17.86%
Val Loss: 2.0884, Val Accuracy: 28.57%
Epoch 6/10, Train Loss: 1.8856, Train Accuracy: 25.00%
Val Loss: 2.0911, Val Accuracy: 28.57%
Epoch 7/10, Train Loss: 1.8013, Train Accuracy: 28.57%
Val Loss: 2.0947, Val Accuracy: 28.57%
Epoch 8/10, Train Loss: 1.7186, Train Accuracy: 32.14%
Val Loss: 2.0991, Val Accuracy: 28.57%
Epoch 9/10, Train Loss: 1.6339, Train Accuracy: 32.14%
Val Loss: 2.1045, Val Accuracy: 28.57%
Epoch 10/10, Train Loss: 1.5524, Train Accuracy: 39.29%
Val Loss: 2.1104, Val Accuracy: 14.29%
Best validation accuracy for art_painting: 28.57%
LoRA state keys: dict_keys(['base_model.model.blocks.0.attn.qkv.lora_A.weight', 'base_model.model.blocks.0.attn.qkv.lora_B.weight', 'base_model.model.blocks.1.attn.qkv.lora_A.weight', 'base_model.model.blocks.1.attn.qkv.lora_B.weight', 'base_model.model.blocks.2.attn.qkv.lora_A.weight', 'base_model.model.blocks.2.attn.qkv.lora_B.weight', 'base_model.model.blocks.3.attn.qkv.lora_A.weight', 'base_model.model.blocks.3.attn.qkv.lora_B.weight', 'base_model.model.blocks.4.attn.qkv.lora_A.weight', 'base_model.model.blocks.4.attn.qkv.lora_B.weight', 'base_model.model.blocks.5.attn.qkv.lora_A.weight', 'base_model.model.blocks.5.attn.qkv.lora_B.weight', 'base_model.model.blocks.6.attn.qkv.lora_A.weight', 'base_model.model.blocks.6.attn.qkv.lora_B.weight', 'base_model.model.blocks.7.attn.qkv.lora_A.weight', 'base_model.model.blocks.7.attn.qkv.lora_B.weight', 'base_model.model.blocks.8.attn.qkv.lora_A.weight', 'base_model.model.blocks.8.attn.qkv.lora_B.weight', 'base_model.model.blocks.9.attn.qkv.lora_A.weight', 'base_model.model.blocks.9.attn.qkv.lora_B.weight', 'base_model.model.blocks.10.attn.qkv.lora_A.weight', 'base_model.model.blocks.10.attn.qkv.lora_B.weight', 'base_model.model.blocks.11.attn.qkv.lora_A.weight', 'base_model.model.blocks.11.attn.qkv.lora_B.weight'])
art_painting adapter trained. Validation Accuracy: 28.57%
LoRA state keys: dict_keys(['base_model.model.blocks.0.attn.qkv.lora_A.weight', 'base_model.model.blocks.0.attn.qkv.lora_B.weight', 'base_model.model.blocks.1.attn.qkv.lora_A.weight', 'base_model.model.blocks.1.attn.qkv.lora_B.weight', 'base_model.model.blocks.2.attn.qkv.lora_A.weight', 'base_model.model.blocks.2.attn.qkv.lora_B.weight', 'base_model.model.blocks.3.attn.qkv.lora_A.weight', 'base_model.model.blocks.3.attn.qkv.lora_B.weight', 'base_model.model.blocks.4.attn.qkv.lora_A.weight', 'base_model.model.blocks.4.attn.qkv.lora_B.weight', 'base_model.model.blocks.5.attn.qkv.lora_A.weight', 'base_model.model.blocks.5.attn.qkv.lora_B.weight', 'base_model.model.blocks.6.attn.qkv.lora_A.weight', 'base_model.model.blocks.6.attn.qkv.lora_B.weight', 'base_model.model.blocks.7.attn.qkv.lora_A.weight', 'base_model.model.blocks.7.attn.qkv.lora_B.weight', 'base_model.model.blocks.8.attn.qkv.lora_A.weight', 'base_model.model.blocks.8.attn.qkv.lora_B.weight', 'base_model.model.blocks.9.attn.qkv.lora_A.weight', 'base_model.model.blocks.9.attn.qkv.lora_B.weight', 'base_model.model.blocks.10.attn.qkv.lora_A.weight', 'base_model.model.blocks.10.attn.qkv.lora_B.weight', 'base_model.model.blocks.11.attn.qkv.lora_A.weight', 'base_model.model.blocks.11.attn.qkv.lora_B.weight'])

Number of trained LoRA adapters: 3

Evaluating individual LoRA adapters on the test domain:
Created LoRA model: <class 'peft.peft_model.PeftModel'>
sketch adapter - Test Loss: 2.0792, Test Accuracy: 21.88%
Created LoRA model: <class 'peft.peft_model.PeftModel'>
cartoon adapter - Test Loss: 2.0703, Test Accuracy: 21.88%
Created LoRA model: <class 'peft.peft_model.PeftModel'>
art_painting adapter - Test Loss: 2.0471, Test Accuracy: 25.00%

Training coefficients for adapter merging
Created LoRA model: <class 'peft.peft_model.PeftModel'>
Created LoRA model: <class 'peft.peft_model.PeftModel'>
Created LoRA model: <class 'peft.peft_model.PeftModel'>
Coefficient gradients: tensor([2.3985e-09, 2.3985e-09, 2.3985e-09], device='cuda:0')
Epoch 1, Loss: 1.6151, Accuracy: 33.33%
Coefficients: [0.33333334 0.33333334 0.33333334]
Coefficient gradients: tensor([2.3985e-09, 2.3985e-09, 2.3985e-09], device='cuda:0')
Epoch 2, Loss: 1.6151, Accuracy: 33.33%
Coefficients: [0.33333334 0.33333334 0.33333334]
Coefficient gradients: tensor([2.3985e-09, 2.3985e-09, 2.3985e-09], device='cuda:0')
Epoch 3, Loss: 1.6151, Accuracy: 33.33%
Coefficients: [0.33333334 0.33333334 0.33333334]
Coefficient gradients: tensor([2.3985e-09, 2.3985e-09, 2.3985e-09], device='cuda:0')
Epoch 4, Loss: 1.6151, Accuracy: 33.33%
Coefficients: [0.33333334 0.33333334 0.33333334]
Coefficient gradients: tensor([2.3985e-09, 2.3985e-09, 2.3985e-09], device='cuda:0')
Epoch 5, Loss: 1.6151, Accuracy: 33.33%
Coefficients: [0.33333334 0.33333334 0.33333334]
Coefficient gradients: tensor([2.3985e-09, 2.3985e-09, 2.3985e-09], device='cuda:0')
Epoch 6, Loss: 1.6151, Accuracy: 33.33%
Coefficients: [0.33333334 0.33333334 0.33333334]
Coefficient gradients: tensor([2.3985e-09, 2.3985e-09, 2.3985e-09], device='cuda:0')
Epoch 7, Loss: 1.6151, Accuracy: 33.33%
Coefficients: [0.33333334 0.33333334 0.33333334]
Coefficient gradients: tensor([2.3985e-09, 2.3985e-09, 2.3985e-09], device='cuda:0')
Epoch 8, Loss: 1.6151, Accuracy: 33.33%
Coefficients: [0.33333334 0.33333334 0.33333334]
Coefficient gradients: tensor([2.3985e-09, 2.3985e-09, 2.3985e-09], device='cuda:0')
Epoch 9, Loss: 1.6151, Accuracy: 33.33%
Coefficients: [0.33333334 0.33333334 0.33333334]
Coefficient gradients: tensor([2.3985e-09, 2.3985e-09, 2.3985e-09], device='cuda:0')
Epoch 10, Loss: 1.6151, Accuracy: 33.33%
Coefficients: [0.33333334 0.33333334 0.33333334]
Best coefficient accuracy: 33.33%
Final best coefficients: [0.33333334 0.33333334 0.33333334]

Merged model with TIES - Test Loss: 1.9050, Test Accuracy: 21.88%

Summary of All Runs:
Baseline Model Accuracy: 18.75% ± 0.00%
Merged Model Accuracy: 21.88% ± 0.00%
Average Coefficients:
  sketch: 0.3333 ± 0.0000
  cartoon: 0.3333 ± 0.0000
  art_painting: 0.3333 ± 0.0000
